timestamp: 2020-04-27T10:59:32.326801
CREATE TABLE "auth_user"(
    "id" INTEGER PRIMARY KEY AUTOINCREMENT,
    "username" CHAR(512) UNIQUE,
    "email" CHAR(512) UNIQUE,
    "password" CHAR(512),
    "first_name" CHAR(512),
    "last_name" CHAR(512),
    "sso_id" CHAR(512),
    "action_token" CHAR(512)
);
success!
timestamp: 2020-04-27T10:59:32.574106
CREATE TABLE "auth_user_tag_groups"(
    "id" INTEGER PRIMARY KEY AUTOINCREMENT,
    "path" CHAR(512),
    "record_id" INTEGER REFERENCES "auth_user" ("id") ON DELETE CASCADE  
);
success!
timestamp: 2020-04-27T10:59:32.728610
CREATE TABLE "company"(
    "id" INTEGER PRIMARY KEY AUTOINCREMENT,
    "IAN_FULL_NAME" CHAR(512),
    "FIN_TYPE" CHAR(512),
    "IM_NUMIDENT" CHAR(512),
    "IAN_RO_SERIA" CHAR(512),
    "IAN_RO_CODE" CHAR(512),
    "IAN_RO_DT" CHAR(512),
    "DIC_NAME" CHAR(512),
    "F_ADR" CHAR(512),
    "IA_PHONE_CODE" CHAR(512),
    "IA_PHONE" CHAR(512),
    "IA_EMAIL" CHAR(512),
    "IND_OBL" CHAR(512),
    "K_NAME" CHAR(512),
    "IM_IH" CHAR(512)
);
success!
timestamp: 2020-04-27T10:59:32.851220
CREATE TABLE "payout"(
    "id" INTEGER PRIMARY KEY AUTOINCREMENT,
    "insurance_type" CHAR(512),
    "contract_num" INTEGER,
    "case_num" INTEGER,
    "insurance_case_date" DATE,
    "statement_date" DATE,
    "requirement_date" DATE,
    "insurance_act_date" DATE,
    "insurance_payment_date" DATE,
    "insurance_payment_size" DOUBLE,
    "settlement_costs" DOUBLE,
    "reserve_size" DOUBLE,
    "kvartal" INTEGER,
    "year" INTEGER,
    "company_id" INTEGER REFERENCES "company" ("id") ON DELETE CASCADE  
);
success!
timestamp: 2020-04-27T10:59:32.983865
CREATE TABLE "type"(
    "id" INTEGER PRIMARY KEY AUTOINCREMENT,
    "name" CHAR(512),
    "gross_receipts" DOUBLE,
    "from_residents" DOUBLE,
    "rfrom_insurers_individuals" DOUBLE,
    "rfrom_insurers_legal_entities" DOUBLE,
    "rfrom_reinsurers" DOUBLE,
    "from_non_residents" DOUBLE,
    "nfrom_insurers_individuals" DOUBLE,
    "nfrom_insurers_legal_entities" DOUBLE,
    "nfrom_reinsurers" DOUBLE,
    "payments_return_to_insurers" DOUBLE,
    "payments_return_to_residents" DOUBLE,
    "rpayments_return_to_individuals" DOUBLE,
    "rpayments_return_to_legal_entities" DOUBLE,
    "rpayments_return_to_reinsurers" DOUBLE,
    "payments_return_to_non_residents" DOUBLE,
    "npayments_return_to_individuals" DOUBLE,
    "npayments_return_to_legal_entities" DOUBLE,
    "npayments_return_to_reinsurers" DOUBLE,
    "payments_paid_to_reinsurers" DOUBLE,
    "payments_paid_to_reinsurers_non_resident" DOUBLE,
    "payments_paid_to_reinsurers2" DOUBLE,
    "payments_paid_to_reinsurers2_non_resident" DOUBLE,
    "unearned_premiums" DOUBLE,
    "unearned_premiums_reinsurer" DOUBLE,
    "unearned_premiums_reinsurers_non_resident" DOUBLE,
    "technical_reserves" DOUBLE,
    "reported_unpaid_losses" DOUBLE,
    "unreported_losses" DOUBLE,
    "catastrophe_reserve" DOUBLE,
    "loss_reserve_fluctuations" DOUBLE,
    "share_of_reinsurers_unearned_premiums" DOUBLE,
    "share_of_reinsurers_unearned_premiums_non_resident" DOUBLE,
    "insurance_cases_payments" DOUBLE,
    "insurance_payments" DOUBLE,
    "insurance_payments_residents" DOUBLE,
    "rinsurance_payments_individuals" DOUBLE,
    "rinsurance_payments_legal_entities" DOUBLE,
    "rinsurance_payments_reinsurers" DOUBLE,
    "insurance_payments_non_residents" DOUBLE,
    "ninsurance_payments_individuals" DOUBLE,
    "ninsurance_payments_legal_entities" DOUBLE,
    "ninsurance_payments_reinsurers" DOUBLE,
    "payments_offset_by_reinsurers" DOUBLE,
    "payments_offset_by_reinsurers_non_resident" DOUBLE,
    "maximum_insurance_payment" DOUBLE,
    "acquisition_costs" CHAR(512),
    "agency_fees" DOUBLE,
    "agency_fees_non_resident" DOUBLE,
    "costs_reinsurance_contracts" DOUBLE,
    "rewards_brokers" DOUBLE,
    "rewards_brokers_non_resident" DOUBLE,
    "commissions_for_reinsurer" DOUBLE,
    "commissions_for_reinsurer_non_resident" DOUBLE,
    "regulation_of_insured_events_in" DOUBLE,
    "legal_costs_in" DOUBLE,
    "expert_work_in" DOUBLE,
    "emergency_commissioners_in" DOUBLE,
    "assistance_agencies_in" DOUBLE,
    "assistance_agencies_in_non_resident" DOUBLE,
    "regulation_of_insured_events_previous" DOUBLE,
    "legal_costs_previous" DOUBLE,
    "expert_work_previous" DOUBLE,
    "emergency_commissioners_previous" DOUBLE,
    "assistance_agencies_previous" DOUBLE,
    "assistance_agencies_previous_non_resident" DOUBLE,
    "number_of_insurance_contracts" DOUBLE,
    "number_contracts_individuals" DOUBLE,
    "number_contracts_legal_entities" DOUBLE,
    "minimum_insurance_amount" DOUBLE,
    "number_of_contracts_not_executed" DOUBLE,
    "number_of_contracts_not_executed_individuals" DOUBLE,
    "total_responsibility" DOUBLE,
    "payables" DOUBLE,
    "kvartal" INTEGER,
    "year" INTEGER,
    "company_id" INTEGER REFERENCES "company" ("id") ON DELETE CASCADE  
);
success!
timestamp: 2020-04-27T10:59:33.107485
CREATE TABLE "person"(
    "id" INTEGER PRIMARY KEY AUTOINCREMENT,
    "name" CHAR(512),
    "file" CHAR(512)
);
success!
timestamp: 2020-04-27T11:06:11.697625
ALTER TABLE "type" ADD "quarter" INTEGER;
success!
success!
success!
success!
success!
success!
success!
success!
success!
success!
success!
success!
success!
success!
success!
success!
success!
success!
success!
success!
success!
success!
success!
success!
success!
success!
success!
success!
success!
success!
success!
success!
success!
success!
success!
success!
success!
success!
success!
success!
success!
success!
success!
success!
success!
success!
success!
success!
success!
success!
success!
success!
success!
success!
success!
success!
success!
success!
success!
success!
success!
success!
success!
success!
success!
success!
success!
success!
success!
success!
success!
success!
success!
success!
success!
success!
success!
success!
success!
success!
success!
success!
success!
success!
timestamp: 2020-06-21T11:16:03.083748
ALTER TABLE "auth_user" ADD "last_password_change" TIMESTAMP;
success!
success!
success!
timestamp: 2020-06-21T11:58:47.247509
ALTER TABLE "company" ADD "abbreviation" CHAR(512);
timestamp: 2020-06-21T11:58:47.424571
ALTER TABLE "company" ADD "position" CHAR(512);
timestamp: 2020-06-21T11:58:47.529460
ALTER TABLE "company" ADD "update_date" TIMESTAMP;
timestamp: 2020-06-21T11:58:47.647022
ALTER TABLE "company" ADD "changes" CHAR(512);
success!
success!
success!
success!
timestamp: 2020-06-21T11:59:41.128907
CREATE TABLE "auth_user"(
    "id" INTEGER PRIMARY KEY AUTOINCREMENT,
    "username" CHAR(512) UNIQUE,
    "email" CHAR(512) UNIQUE,
    "password" CHAR(512),
    "first_name" CHAR(512),
    "last_name" CHAR(512),
    "sso_id" CHAR(512),
    "action_token" CHAR(512),
    "last_password_change" TIMESTAMP
);
success!
timestamp: 2020-06-21T11:59:41.274738
CREATE TABLE "auth_user_tag_groups"(
    "id" INTEGER PRIMARY KEY AUTOINCREMENT,
    "path" CHAR(512),
    "record_id" INTEGER REFERENCES "auth_user" ("id") ON DELETE CASCADE  
);
success!
timestamp: 2020-06-21T11:59:41.411896
CREATE TABLE "company"(
    "id" INTEGER PRIMARY KEY AUTOINCREMENT,
    "IAN_FULL_NAME" CHAR(512),
    "FIN_TYPE" CHAR(512),
    "IM_NUMIDENT" INTEGER,
    "IAN_RO_SERIA" CHAR(512),
    "IAN_RO_CODE" CHAR(512),
    "IAN_RO_DT" TIMESTAMP,
    "DIC_NAME" CHAR(512),
    "F_ADR" CHAR(512),
    "IA_PHONE_CODE" CHAR(512),
    "IA_PHONE" CHAR(512),
    "IA_EMAIL" CHAR(512),
    "IND_OBL" CHAR(512),
    "K_NAME" CHAR(512),
    "abbreviation" CHAR(512),
    "position" CHAR(512),
    "update_date" TIMESTAMP,
    "changes" CHAR(512)
);
success!
timestamp: 2020-06-21T11:59:41.527957
CREATE TABLE "payout"(
    "id" INTEGER PRIMARY KEY AUTOINCREMENT,
    "insurance_type" CHAR(512),
    "contract_num" INTEGER,
    "case_num" INTEGER,
    "insurance_case_date" DATE,
    "statement_date" DATE,
    "requirement_date" DATE,
    "insurance_act_date" DATE,
    "insurance_payment_date" DATE,
    "insurance_payment_size" DOUBLE,
    "settlement_costs" DOUBLE,
    "reserve_size" DOUBLE,
    "kvartal" INTEGER,
    "year" INTEGER,
    "company_id" INTEGER REFERENCES "company" ("id") ON DELETE CASCADE  
);
success!
timestamp: 2020-06-21T11:59:41.976001
CREATE TABLE "type"(
    "id" INTEGER PRIMARY KEY AUTOINCREMENT,
    "name" CHAR(512),
    "gross_receipts" DOUBLE,
    "from_residents" DOUBLE,
    "rfrom_insurers_individuals" DOUBLE,
    "rfrom_insurers_legal_entities" DOUBLE,
    "rfrom_reinsurers" DOUBLE,
    "from_non_residents" DOUBLE,
    "nfrom_insurers_individuals" DOUBLE,
    "nfrom_insurers_legal_entities" DOUBLE,
    "nfrom_reinsurers" DOUBLE,
    "payments_return_to_insurers" DOUBLE,
    "payments_return_to_residents" DOUBLE,
    "rpayments_return_to_individuals" DOUBLE,
    "rpayments_return_to_legal_entities" DOUBLE,
    "rpayments_return_to_reinsurers" DOUBLE,
    "payments_return_to_non_residents" DOUBLE,
    "npayments_return_to_individuals" DOUBLE,
    "npayments_return_to_legal_entities" DOUBLE,
    "npayments_return_to_reinsurers" DOUBLE,
    "payments_paid_to_reinsurers" DOUBLE,
    "payments_paid_to_reinsurers_non_resident" DOUBLE,
    "payments_paid_to_reinsurers2" DOUBLE,
    "payments_paid_to_reinsurers2_non_resident" DOUBLE,
    "unearned_premiums" DOUBLE,
    "unearned_premiums_reinsurer" DOUBLE,
    "unearned_premiums_reinsurers_non_resident" DOUBLE,
    "technical_reserves" DOUBLE,
    "reported_unpaid_losses" DOUBLE,
    "unreported_losses" DOUBLE,
    "catastrophe_reserve" DOUBLE,
    "loss_reserve_fluctuations" DOUBLE,
    "share_of_reinsurers_unearned_premiums" DOUBLE,
    "share_of_reinsurers_unearned_premiums_non_resident" DOUBLE,
    "insurance_cases_payments" DOUBLE,
    "insurance_payments" DOUBLE,
    "insurance_payments_residents" DOUBLE,
    "rinsurance_payments_individuals" DOUBLE,
    "rinsurance_payments_legal_entities" DOUBLE,
    "rinsurance_payments_reinsurers" DOUBLE,
    "insurance_payments_non_residents" DOUBLE,
    "ninsurance_payments_individuals" DOUBLE,
    "ninsurance_payments_legal_entities" DOUBLE,
    "ninsurance_payments_reinsurers" DOUBLE,
    "payments_offset_by_reinsurers" DOUBLE,
    "payments_offset_by_reinsurers_non_resident" DOUBLE,
    "maximum_insurance_payment" DOUBLE,
    "acquisition_costs" CHAR(512),
    "agency_fees" DOUBLE,
    "agency_fees_non_resident" DOUBLE,
    "costs_reinsurance_contracts" DOUBLE,
    "rewards_brokers" DOUBLE,
    "rewards_brokers_non_resident" DOUBLE,
    "commissions_for_reinsurer" DOUBLE,
    "commissions_for_reinsurer_non_resident" DOUBLE,
    "regulation_of_insured_events_in" DOUBLE,
    "legal_costs_in" DOUBLE,
    "expert_work_in" DOUBLE,
    "emergency_commissioners_in" DOUBLE,
    "assistance_agencies_in" DOUBLE,
    "assistance_agencies_in_non_resident" DOUBLE,
    "regulation_of_insured_events_previous" DOUBLE,
    "legal_costs_previous" DOUBLE,
    "expert_work_previous" DOUBLE,
    "emergency_commissioners_previous" DOUBLE,
    "assistance_agencies_previous" DOUBLE,
    "assistance_agencies_previous_non_resident" DOUBLE,
    "number_of_insurance_contracts" DOUBLE,
    "number_contracts_individuals" DOUBLE,
    "number_contracts_legal_entities" DOUBLE,
    "minimum_insurance_amount" DOUBLE,
    "number_of_contracts_not_executed" DOUBLE,
    "number_of_contracts_not_executed_individuals" DOUBLE,
    "total_responsibility" DOUBLE,
    "payables" DOUBLE,
    "quarter" INTEGER,
    "year" INTEGER,
    "company_id" INTEGER REFERENCES "company" ("id") ON DELETE CASCADE  
);
success!
timestamp: 2020-06-21T12:01:55.411654
ALTER TABLE "company" ADD "position" CHAR(512);
timestamp: 2020-06-21T12:03:13.384938
CREATE TABLE "auth_user"(
    "id" INTEGER PRIMARY KEY AUTOINCREMENT,
    "username" CHAR(512) UNIQUE,
    "email" CHAR(512) UNIQUE,
    "password" CHAR(512),
    "first_name" CHAR(512),
    "last_name" CHAR(512),
    "sso_id" CHAR(512),
    "action_token" CHAR(512),
    "last_password_change" TIMESTAMP
);
success!
timestamp: 2020-06-21T12:03:13.613932
CREATE TABLE "auth_user_tag_groups"(
    "id" INTEGER PRIMARY KEY AUTOINCREMENT,
    "path" CHAR(512),
    "record_id" INTEGER REFERENCES "auth_user" ("id") ON DELETE CASCADE  
);
success!
timestamp: 2020-06-21T12:03:13.726627
ALTER TABLE "company" ADD "position" CHAR(512);
timestamp: 2020-06-21T12:03:27.238038
CREATE TABLE "auth_user"(
    "id" INTEGER PRIMARY KEY AUTOINCREMENT,
    "username" CHAR(512) UNIQUE,
    "email" CHAR(512) UNIQUE,
    "password" CHAR(512),
    "first_name" CHAR(512),
    "last_name" CHAR(512),
    "sso_id" CHAR(512),
    "action_token" CHAR(512),
    "last_password_change" TIMESTAMP
);
success!
timestamp: 2020-06-21T12:03:27.459272
CREATE TABLE "auth_user_tag_groups"(
    "id" INTEGER PRIMARY KEY AUTOINCREMENT,
    "path" CHAR(512),
    "record_id" INTEGER REFERENCES "auth_user" ("id") ON DELETE CASCADE  
);
success!
timestamp: 2020-06-21T12:03:27.582500
CREATE TABLE "company"(
    "id" INTEGER PRIMARY KEY AUTOINCREMENT,
    "IAN_FULL_NAME" CHAR(512),
    "FIN_TYPE" CHAR(512),
    "IM_NUMIDENT" INTEGER,
    "IAN_RO_SERIA" CHAR(512),
    "IAN_RO_CODE" CHAR(512),
    "IAN_RO_DT" TIMESTAMP,
    "DIC_NAME" CHAR(512),
    "F_ADR" CHAR(512),
    "IA_PHONE_CODE" CHAR(512),
    "IA_PHONE" CHAR(512),
    "IA_EMAIL" CHAR(512),
    "IND_OBL" CHAR(512),
    "K_NAME" CHAR(512),
    "abbreviation" CHAR(512),
    "position" CHAR(512),
    "update_date" TIMESTAMP,
    "changes" CHAR(512)
);
success!
timestamp: 2020-06-21T12:03:27.712934
CREATE TABLE "payout"(
    "id" INTEGER PRIMARY KEY AUTOINCREMENT,
    "insurance_type" CHAR(512),
    "contract_num" INTEGER,
    "case_num" INTEGER,
    "insurance_case_date" DATE,
    "statement_date" DATE,
    "requirement_date" DATE,
    "insurance_act_date" DATE,
    "insurance_payment_date" DATE,
    "insurance_payment_size" DOUBLE,
    "settlement_costs" DOUBLE,
    "reserve_size" DOUBLE,
    "kvartal" INTEGER,
    "year" INTEGER,
    "company_id" INTEGER REFERENCES "company" ("id") ON DELETE CASCADE  
);
success!
timestamp: 2020-06-21T12:03:27.849821
CREATE TABLE "type"(
    "id" INTEGER PRIMARY KEY AUTOINCREMENT,
    "name" CHAR(512),
    "gross_receipts" DOUBLE,
    "from_residents" DOUBLE,
    "rfrom_insurers_individuals" DOUBLE,
    "rfrom_insurers_legal_entities" DOUBLE,
    "rfrom_reinsurers" DOUBLE,
    "from_non_residents" DOUBLE,
    "nfrom_insurers_individuals" DOUBLE,
    "nfrom_insurers_legal_entities" DOUBLE,
    "nfrom_reinsurers" DOUBLE,
    "payments_return_to_insurers" DOUBLE,
    "payments_return_to_residents" DOUBLE,
    "rpayments_return_to_individuals" DOUBLE,
    "rpayments_return_to_legal_entities" DOUBLE,
    "rpayments_return_to_reinsurers" DOUBLE,
    "payments_return_to_non_residents" DOUBLE,
    "npayments_return_to_individuals" DOUBLE,
    "npayments_return_to_legal_entities" DOUBLE,
    "npayments_return_to_reinsurers" DOUBLE,
    "payments_paid_to_reinsurers" DOUBLE,
    "payments_paid_to_reinsurers_non_resident" DOUBLE,
    "payments_paid_to_reinsurers2" DOUBLE,
    "payments_paid_to_reinsurers2_non_resident" DOUBLE,
    "unearned_premiums" DOUBLE,
    "unearned_premiums_reinsurer" DOUBLE,
    "unearned_premiums_reinsurers_non_resident" DOUBLE,
    "technical_reserves" DOUBLE,
    "reported_unpaid_losses" DOUBLE,
    "unreported_losses" DOUBLE,
    "catastrophe_reserve" DOUBLE,
    "loss_reserve_fluctuations" DOUBLE,
    "share_of_reinsurers_unearned_premiums" DOUBLE,
    "share_of_reinsurers_unearned_premiums_non_resident" DOUBLE,
    "insurance_cases_payments" DOUBLE,
    "insurance_payments" DOUBLE,
    "insurance_payments_residents" DOUBLE,
    "rinsurance_payments_individuals" DOUBLE,
    "rinsurance_payments_legal_entities" DOUBLE,
    "rinsurance_payments_reinsurers" DOUBLE,
    "insurance_payments_non_residents" DOUBLE,
    "ninsurance_payments_individuals" DOUBLE,
    "ninsurance_payments_legal_entities" DOUBLE,
    "ninsurance_payments_reinsurers" DOUBLE,
    "payments_offset_by_reinsurers" DOUBLE,
    "payments_offset_by_reinsurers_non_resident" DOUBLE,
    "maximum_insurance_payment" DOUBLE,
    "acquisition_costs" CHAR(512),
    "agency_fees" DOUBLE,
    "agency_fees_non_resident" DOUBLE,
    "costs_reinsurance_contracts" DOUBLE,
    "rewards_brokers" DOUBLE,
    "rewards_brokers_non_resident" DOUBLE,
    "commissions_for_reinsurer" DOUBLE,
    "commissions_for_reinsurer_non_resident" DOUBLE,
    "regulation_of_insured_events_in" DOUBLE,
    "legal_costs_in" DOUBLE,
    "expert_work_in" DOUBLE,
    "emergency_commissioners_in" DOUBLE,
    "assistance_agencies_in" DOUBLE,
    "assistance_agencies_in_non_resident" DOUBLE,
    "regulation_of_insured_events_previous" DOUBLE,
    "legal_costs_previous" DOUBLE,
    "expert_work_previous" DOUBLE,
    "emergency_commissioners_previous" DOUBLE,
    "assistance_agencies_previous" DOUBLE,
    "assistance_agencies_previous_non_resident" DOUBLE,
    "number_of_insurance_contracts" DOUBLE,
    "number_contracts_individuals" DOUBLE,
    "number_contracts_legal_entities" DOUBLE,
    "minimum_insurance_amount" DOUBLE,
    "number_of_contracts_not_executed" DOUBLE,
    "number_of_contracts_not_executed_individuals" DOUBLE,
    "total_responsibility" DOUBLE,
    "payables" DOUBLE,
    "quarter" INTEGER,
    "year" INTEGER,
    "company_id" INTEGER REFERENCES "company" ("id") ON DELETE CASCADE  
);
success!
timestamp: 2020-06-23T18:53:16.230866
CREATE TABLE "company_user"(
    "id" INTEGER PRIMARY KEY AUTOINCREMENT,
    "site_user" INTEGER REFERENCES "auth_user" ("id") ON DELETE CASCADE  ,
    "company_id" INTEGER REFERENCES "company" ("id") ON DELETE CASCADE  
);
success!
timestamp: 2020-06-26T18:37:03.495281
CREATE TABLE "ir4_description"(
    "id" INTEGER PRIMARY KEY AUTOINCREMENT,
    "name" CHAR(512),
    "h015" CHAR(512),
    "k030" CHAR(512),
    "z220" CHAR(512)
);
success!
timestamp: 2020-06-26T19:09:28.450469
ALTER TABLE "ir4_description" ADD "ir4_id" CHAR(512);
success!
timestamp: 2020-06-26T19:26:54.716852
CREATE TABLE "vid_strah"(
    "id" INTEGER PRIMARY KEY AUTOINCREMENT,
    "name" CHAR(512)
);
success!
timestamp: 2020-06-26T19:47:35.624463
CREATE TABLE "type_NBU"(
    "id" INTEGER PRIMARY KEY AUTOINCREMENT,
    "p_1" CHAR(512),
    "p_2" CHAR(512),
    "p_3" CHAR(512),
    "p_4" CHAR(512),
    "p_5" CHAR(512),
    "p_6" CHAR(512),
    "p_7" CHAR(512),
    "p_8" CHAR(512),
    "p_9" CHAR(512),
    "p_10" CHAR(512),
    "p_11" CHAR(512),
    "p_12" CHAR(512),
    "p_13" CHAR(512),
    "p_14" CHAR(512),
    "p_15" CHAR(512),
    "p_16" CHAR(512),
    "p_17" CHAR(512),
    "p_18" CHAR(512),
    "p_19" CHAR(512),
    "p_20" CHAR(512),
    "p_21" CHAR(512),
    "p_22" CHAR(512),
    "p_23" CHAR(512),
    "p_24" CHAR(512),
    "p_25" CHAR(512),
    "p_26" CHAR(512),
    "p_27" CHAR(512),
    "p_28" CHAR(512),
    "p_29" CHAR(512),
    "p_30" CHAR(512),
    "p_31" CHAR(512),
    "p_32" CHAR(512),
    "p_33" CHAR(512),
    "p_34" CHAR(512),
    "p_35" CHAR(512),
    "p_36" CHAR(512),
    "p_37" CHAR(512),
    "p_38" CHAR(512),
    "p_39" CHAR(512),
    "p_40" CHAR(512),
    "p_41" CHAR(512),
    "p_42" CHAR(512),
    "p_43" CHAR(512),
    "p_44" CHAR(512),
    "p_45" CHAR(512),
    "p_46" CHAR(512),
    "p_47" CHAR(512),
    "p_48" CHAR(512),
    "p_49" CHAR(512),
    "p_50" CHAR(512),
    "p_51" CHAR(512),
    "p_52" CHAR(512),
    "p_53" CHAR(512),
    "p_54" CHAR(512),
    "p_55" CHAR(512),
    "p_56" CHAR(512),
    "p_57" CHAR(512),
    "p_58" CHAR(512),
    "p_59" CHAR(512),
    "p_60" CHAR(512),
    "p_61" CHAR(512),
    "p_62" CHAR(512),
    "p_63" CHAR(512),
    "p_64" CHAR(512),
    "p_65" CHAR(512),
    "p_66" CHAR(512),
    "p_67" CHAR(512),
    "p_68" CHAR(512),
    "p_69" CHAR(512),
    "p_70" CHAR(512),
    "p_71" CHAR(512),
    "p_72" CHAR(512),
    "p_73" CHAR(512),
    "p_74" CHAR(512),
    "p_75" CHAR(512),
    "p_76" CHAR(512),
    "p_77" CHAR(512),
    "p_78" CHAR(512),
    "p_79" CHAR(512),
    "p_80" CHAR(512),
    "p_81" CHAR(512),
    "p_82" CHAR(512),
    "p_83" CHAR(512),
    "p_84" CHAR(512),
    "p_85" CHAR(512),
    "p_86" CHAR(512),
    "p_87" CHAR(512),
    "p_88" CHAR(512),
    "p_89" CHAR(512),
    "p_90" CHAR(512),
    "p_91" CHAR(512),
    "p_92" CHAR(512),
    "p_93" CHAR(512),
    "p_94" CHAR(512),
    "p_95" CHAR(512),
    "p_96" CHAR(512),
    "p_97" CHAR(512),
    "p_98" CHAR(512),
    "p_99" CHAR(512),
    "p_100" CHAR(512),
    "p_101" CHAR(512),
    "p_102" CHAR(512),
    "p_103" CHAR(512),
    "p_104" CHAR(512),
    "p_105" CHAR(512),
    "p_106" CHAR(512),
    "p_107" CHAR(512),
    "p_108" CHAR(512),
    "p_109" CHAR(512),
    "p_110" CHAR(512),
    "p_111" CHAR(512),
    "p_112" CHAR(512),
    "p_113" CHAR(512),
    "p_114" CHAR(512),
    "p_115" CHAR(512),
    "p_116" CHAR(512),
    "p_117" CHAR(512),
    "p_118" CHAR(512),
    "p_119" CHAR(512),
    "p_120" CHAR(512),
    "p_121" CHAR(512),
    "p_122" CHAR(512),
    "p_123" CHAR(512),
    "p_124" CHAR(512),
    "p_125" CHAR(512),
    "p_126" CHAR(512),
    "p_127" CHAR(512),
    "p_128" CHAR(512),
    "p_129" CHAR(512),
    "p_130" CHAR(512),
    "p_131" CHAR(512),
    "p_132" CHAR(512),
    "p_133" CHAR(512),
    "p_134" CHAR(512),
    "p_135" CHAR(512),
    "p_136" CHAR(512),
    "p_137" CHAR(512),
    "p_138" CHAR(512),
    "p_139" CHAR(512),
    "p_140" CHAR(512),
    "p_141" CHAR(512),
    "p_142" CHAR(512),
    "p_143" CHAR(512),
    "p_144" CHAR(512),
    "p_145" CHAR(512),
    "p_146" CHAR(512),
    "p_147" CHAR(512),
    "p_148" CHAR(512),
    "p_149" CHAR(512),
    "p_150" CHAR(512),
    "p_151" CHAR(512),
    "p_152" CHAR(512),
    "vid_id" INTEGER REFERENCES "vid_strah" ("id") ON DELETE CASCADE  ,
    "quarter" INTEGER,
    "year" INTEGER,
    "company_id" INTEGER REFERENCES "company" ("id") ON DELETE CASCADE  
);
success!
timestamp: 2020-06-28T15:17:17.248344
CREATE TABLE "payout_descrip"(
    "id" INTEGER PRIMARY KEY AUTOINCREMENT,
    "name" CHAR(512)
);
success!
timestamp: 2020-06-28T15:17:17.446552
CREATE TABLE "type_nfp_descrip"(
    "id" INTEGER PRIMARY KEY AUTOINCREMENT,
    "name" CHAR(512),
    "p_id" CHAR(512)
);
success!
timestamp: 2020-06-28T19:19:34.924208
CREATE TABLE "type_nfp_descrip"(
    "id" INTEGER PRIMARY KEY AUTOINCREMENT,
    "name" CHAR(512),
    "p_id" CHAR(512)
);
timestamp: 2020-06-28T19:21:38.611873
CREATE TABLE "type_nfp_descrip"(
    "id" INTEGER PRIMARY KEY AUTOINCREMENT,
    "name" CHAR(512),
    "p_id" CHAR(512)
);
timestamp: 2020-06-28T19:25:46.774587
CREATE TABLE "type_nfp_descrip"(
    "id" INTEGER PRIMARY KEY AUTOINCREMENT,
    "name" CHAR(512),
    "p_id" CHAR(512)
);
timestamp: 2020-06-28T19:29:05.153893
CREATE TABLE "auth_user"(
    "id" INTEGER PRIMARY KEY AUTOINCREMENT,
    "username" CHAR(512) UNIQUE,
    "email" CHAR(512) UNIQUE,
    "password" CHAR(512),
    "first_name" CHAR(512),
    "last_name" CHAR(512),
    "sso_id" CHAR(512),
    "action_token" CHAR(512),
    "last_password_change" TIMESTAMP
);
success!
timestamp: 2020-06-28T19:29:06.331172
CREATE TABLE "auth_user_tag_groups"(
    "id" INTEGER PRIMARY KEY AUTOINCREMENT,
    "path" CHAR(512),
    "record_id" INTEGER REFERENCES "auth_user" ("id") ON DELETE CASCADE  
);
success!
timestamp: 2020-06-28T19:29:06.446306
CREATE TABLE "company"(
    "id" INTEGER PRIMARY KEY AUTOINCREMENT,
    "IAN_FULL_NAME" CHAR(512),
    "FIN_TYPE" CHAR(512),
    "IM_NUMIDENT" INTEGER,
    "IAN_RO_SERIA" CHAR(512),
    "IAN_RO_CODE" CHAR(512),
    "IAN_RO_DT" TIMESTAMP,
    "DIC_NAME" CHAR(512),
    "F_ADR" CHAR(512),
    "IA_PHONE_CODE" CHAR(512),
    "IA_PHONE" CHAR(512),
    "IA_EMAIL" CHAR(512),
    "IND_OBL" CHAR(512),
    "K_NAME" CHAR(512),
    "abbreviation" CHAR(512),
    "position" CHAR(512),
    "update_date" TIMESTAMP,
    "changes" CHAR(512)
);
success!
timestamp: 2020-06-28T19:29:06.546002
CREATE TABLE "company_user"(
    "id" INTEGER PRIMARY KEY AUTOINCREMENT,
    "site_user" INTEGER REFERENCES "auth_user" ("id") ON DELETE CASCADE  ,
    "company_id" INTEGER REFERENCES "company" ("id") ON DELETE CASCADE  
);
success!
timestamp: 2020-06-28T19:29:06.650941
CREATE TABLE "ir4_description"(
    "id" INTEGER PRIMARY KEY AUTOINCREMENT,
    "name" CHAR(512),
    "ir4_id" CHAR(512),
    "h015" CHAR(512),
    "k030" CHAR(512),
    "z220" CHAR(512)
);
success!
timestamp: 2020-06-28T19:29:06.755415
CREATE TABLE "vid_strah"(
    "id" INTEGER PRIMARY KEY AUTOINCREMENT,
    "name" CHAR(512)
);
success!
timestamp: 2020-06-28T19:29:06.868770
CREATE TABLE "type_NBU"(
    "id" INTEGER PRIMARY KEY AUTOINCREMENT,
    "p_1" CHAR(512),
    "p_2" CHAR(512),
    "p_3" CHAR(512),
    "p_4" CHAR(512),
    "p_5" CHAR(512),
    "p_6" CHAR(512),
    "p_7" CHAR(512),
    "p_8" CHAR(512),
    "p_9" CHAR(512),
    "p_10" CHAR(512),
    "p_11" CHAR(512),
    "p_12" CHAR(512),
    "p_13" CHAR(512),
    "p_14" CHAR(512),
    "p_15" CHAR(512),
    "p_16" CHAR(512),
    "p_17" CHAR(512),
    "p_18" CHAR(512),
    "p_19" CHAR(512),
    "p_20" CHAR(512),
    "p_21" CHAR(512),
    "p_22" CHAR(512),
    "p_23" CHAR(512),
    "p_24" CHAR(512),
    "p_25" CHAR(512),
    "p_26" CHAR(512),
    "p_27" CHAR(512),
    "p_28" CHAR(512),
    "p_29" CHAR(512),
    "p_30" CHAR(512),
    "p_31" CHAR(512),
    "p_32" CHAR(512),
    "p_33" CHAR(512),
    "p_34" CHAR(512),
    "p_35" CHAR(512),
    "p_36" CHAR(512),
    "p_37" CHAR(512),
    "p_38" CHAR(512),
    "p_39" CHAR(512),
    "p_40" CHAR(512),
    "p_41" CHAR(512),
    "p_42" CHAR(512),
    "p_43" CHAR(512),
    "p_44" CHAR(512),
    "p_45" CHAR(512),
    "p_46" CHAR(512),
    "p_47" CHAR(512),
    "p_48" CHAR(512),
    "p_49" CHAR(512),
    "p_50" CHAR(512),
    "p_51" CHAR(512),
    "p_52" CHAR(512),
    "p_53" CHAR(512),
    "p_54" CHAR(512),
    "p_55" CHAR(512),
    "p_56" CHAR(512),
    "p_57" CHAR(512),
    "p_58" CHAR(512),
    "p_59" CHAR(512),
    "p_60" CHAR(512),
    "p_61" CHAR(512),
    "p_62" CHAR(512),
    "p_63" CHAR(512),
    "p_64" CHAR(512),
    "p_65" CHAR(512),
    "p_66" CHAR(512),
    "p_67" CHAR(512),
    "p_68" CHAR(512),
    "p_69" CHAR(512),
    "p_70" CHAR(512),
    "p_71" CHAR(512),
    "p_72" CHAR(512),
    "p_73" CHAR(512),
    "p_74" CHAR(512),
    "p_75" CHAR(512),
    "p_76" CHAR(512),
    "p_77" CHAR(512),
    "p_78" CHAR(512),
    "p_79" CHAR(512),
    "p_80" CHAR(512),
    "p_81" CHAR(512),
    "p_82" CHAR(512),
    "p_83" CHAR(512),
    "p_84" CHAR(512),
    "p_85" CHAR(512),
    "p_86" CHAR(512),
    "p_87" CHAR(512),
    "p_88" CHAR(512),
    "p_89" CHAR(512),
    "p_90" CHAR(512),
    "p_91" CHAR(512),
    "p_92" CHAR(512),
    "p_93" CHAR(512),
    "p_94" CHAR(512),
    "p_95" CHAR(512),
    "p_96" CHAR(512),
    "p_97" CHAR(512),
    "p_98" CHAR(512),
    "p_99" CHAR(512),
    "p_100" CHAR(512),
    "p_101" CHAR(512),
    "p_102" CHAR(512),
    "p_103" CHAR(512),
    "p_104" CHAR(512),
    "p_105" CHAR(512),
    "p_106" CHAR(512),
    "p_107" CHAR(512),
    "p_108" CHAR(512),
    "p_109" CHAR(512),
    "p_110" CHAR(512),
    "p_111" CHAR(512),
    "p_112" CHAR(512),
    "p_113" CHAR(512),
    "p_114" CHAR(512),
    "p_115" CHAR(512),
    "p_116" CHAR(512),
    "p_117" CHAR(512),
    "p_118" CHAR(512),
    "p_119" CHAR(512),
    "p_120" CHAR(512),
    "p_121" CHAR(512),
    "p_122" CHAR(512),
    "p_123" CHAR(512),
    "p_124" CHAR(512),
    "p_125" CHAR(512),
    "p_126" CHAR(512),
    "p_127" CHAR(512),
    "p_128" CHAR(512),
    "p_129" CHAR(512),
    "p_130" CHAR(512),
    "p_131" CHAR(512),
    "p_132" CHAR(512),
    "p_133" CHAR(512),
    "p_134" CHAR(512),
    "p_135" CHAR(512),
    "p_136" CHAR(512),
    "p_137" CHAR(512),
    "p_138" CHAR(512),
    "p_139" CHAR(512),
    "p_140" CHAR(512),
    "p_141" CHAR(512),
    "p_142" CHAR(512),
    "p_143" CHAR(512),
    "p_144" CHAR(512),
    "p_145" CHAR(512),
    "p_146" CHAR(512),
    "p_147" CHAR(512),
    "p_148" CHAR(512),
    "p_149" CHAR(512),
    "p_150" CHAR(512),
    "p_151" CHAR(512),
    "p_152" CHAR(512),
    "vid_id" INTEGER REFERENCES "vid_strah" ("id") ON DELETE CASCADE  ,
    "quarter" INTEGER,
    "year" INTEGER,
    "company_id" INTEGER REFERENCES "company" ("id") ON DELETE CASCADE  
);
success!
timestamp: 2020-06-28T19:29:06.981433
CREATE TABLE "payout_descrip"(
    "id" INTEGER PRIMARY KEY AUTOINCREMENT,
    "name" CHAR(512)
);
success!
timestamp: 2020-06-28T19:29:07.128571
CREATE TABLE "payout"(
    "id" INTEGER PRIMARY KEY AUTOINCREMENT,
    "insurance_type" CHAR(512),
    "contract_num" INTEGER,
    "case_num" INTEGER,
    "insurance_case_date" DATE,
    "statement_date" DATE,
    "requirement_date" DATE,
    "insurance_act_date" DATE,
    "insurance_payment_date" DATE,
    "insurance_payment_size" DOUBLE,
    "settlement_costs" DOUBLE,
    "reserve_size" DOUBLE,
    "kvartal" INTEGER,
    "year" INTEGER,
    "company_id" INTEGER REFERENCES "company" ("id") ON DELETE CASCADE  
);
success!
timestamp: 2020-06-28T19:29:07.261786
CREATE TABLE "type"(
    "id" INTEGER PRIMARY KEY AUTOINCREMENT,
    "name" CHAR(512),
    "gross_receipts" DOUBLE,
    "from_residents" DOUBLE,
    "rfrom_insurers_individuals" DOUBLE,
    "rfrom_insurers_legal_entities" DOUBLE,
    "rfrom_reinsurers" DOUBLE,
    "from_non_residents" DOUBLE,
    "nfrom_insurers_individuals" DOUBLE,
    "nfrom_insurers_legal_entities" DOUBLE,
    "nfrom_reinsurers" DOUBLE,
    "payments_return_to_insurers" DOUBLE,
    "payments_return_to_residents" DOUBLE,
    "rpayments_return_to_individuals" DOUBLE,
    "rpayments_return_to_legal_entities" DOUBLE,
    "rpayments_return_to_reinsurers" DOUBLE,
    "payments_return_to_non_residents" DOUBLE,
    "npayments_return_to_individuals" DOUBLE,
    "npayments_return_to_legal_entities" DOUBLE,
    "npayments_return_to_reinsurers" DOUBLE,
    "payments_paid_to_reinsurers" DOUBLE,
    "payments_paid_to_reinsurers_non_resident" DOUBLE,
    "payments_paid_to_reinsurers2" DOUBLE,
    "payments_paid_to_reinsurers2_non_resident" DOUBLE,
    "unearned_premiums" DOUBLE,
    "unearned_premiums_reinsurer" DOUBLE,
    "unearned_premiums_reinsurers_non_resident" DOUBLE,
    "technical_reserves" DOUBLE,
    "reported_unpaid_losses" DOUBLE,
    "unreported_losses" DOUBLE,
    "catastrophe_reserve" DOUBLE,
    "loss_reserve_fluctuations" DOUBLE,
    "share_of_reinsurers_unearned_premiums" DOUBLE,
    "share_of_reinsurers_unearned_premiums_non_resident" DOUBLE,
    "insurance_cases_payments" DOUBLE,
    "insurance_payments" DOUBLE,
    "insurance_payments_residents" DOUBLE,
    "rinsurance_payments_individuals" DOUBLE,
    "rinsurance_payments_legal_entities" DOUBLE,
    "rinsurance_payments_reinsurers" DOUBLE,
    "insurance_payments_non_residents" DOUBLE,
    "ninsurance_payments_individuals" DOUBLE,
    "ninsurance_payments_legal_entities" DOUBLE,
    "ninsurance_payments_reinsurers" DOUBLE,
    "payments_offset_by_reinsurers" DOUBLE,
    "payments_offset_by_reinsurers_non_resident" DOUBLE,
    "maximum_insurance_payment" DOUBLE,
    "acquisition_costs" CHAR(512),
    "agency_fees" DOUBLE,
    "agency_fees_non_resident" DOUBLE,
    "costs_reinsurance_contracts" DOUBLE,
    "rewards_brokers" DOUBLE,
    "rewards_brokers_non_resident" DOUBLE,
    "commissions_for_reinsurer" DOUBLE,
    "commissions_for_reinsurer_non_resident" DOUBLE,
    "regulation_of_insured_events_in" DOUBLE,
    "legal_costs_in" DOUBLE,
    "expert_work_in" DOUBLE,
    "emergency_commissioners_in" DOUBLE,
    "assistance_agencies_in" DOUBLE,
    "assistance_agencies_in_non_resident" DOUBLE,
    "regulation_of_insured_events_previous" DOUBLE,
    "legal_costs_previous" DOUBLE,
    "expert_work_previous" DOUBLE,
    "emergency_commissioners_previous" DOUBLE,
    "assistance_agencies_previous" DOUBLE,
    "assistance_agencies_previous_non_resident" DOUBLE,
    "number_of_insurance_contracts" DOUBLE,
    "number_contracts_individuals" DOUBLE,
    "number_contracts_legal_entities" DOUBLE,
    "minimum_insurance_amount" DOUBLE,
    "number_of_contracts_not_executed" DOUBLE,
    "number_of_contracts_not_executed_individuals" DOUBLE,
    "total_responsibility" DOUBLE,
    "payables" DOUBLE,
    "quarter" INTEGER,
    "year" INTEGER,
    "company_id" INTEGER REFERENCES "company" ("id") ON DELETE CASCADE  
);
success!
timestamp: 2020-06-28T19:44:44.757245
CREATE TABLE "type_nfp_descrip"(
    "id" INTEGER PRIMARY KEY AUTOINCREMENT,
    "name" CHAR(512),
    "p_id" INTEGER
);
success!
success!
success!
timestamp: 2020-06-29T14:56:08.784742
ALTER TABLE "type" ADD "p_10" DOUBLE;
timestamp: 2020-06-29T14:56:08.997670
ALTER TABLE "type" ADD "p_11" DOUBLE;
timestamp: 2020-06-29T14:56:09.091837
ALTER TABLE "type" ADD "p_12" DOUBLE;
timestamp: 2020-06-29T14:56:09.202258
ALTER TABLE "type" ADD "p_13" DOUBLE;
timestamp: 2020-06-29T14:56:09.334884
ALTER TABLE "type" ADD "p_14" DOUBLE;
timestamp: 2020-06-29T14:56:09.461330
ALTER TABLE "type" ADD "p_15" DOUBLE;
timestamp: 2020-06-29T14:56:09.588891
ALTER TABLE "type" ADD "p_16" DOUBLE;
timestamp: 2020-06-29T14:56:09.682191
ALTER TABLE "type" ADD "p_17" DOUBLE;
timestamp: 2020-06-29T14:56:09.802352
ALTER TABLE "type" ADD "p_18" DOUBLE;
timestamp: 2020-06-29T14:56:09.892083
ALTER TABLE "type" ADD "p_20" DOUBLE;
timestamp: 2020-06-29T14:56:09.986021
ALTER TABLE "type" ADD "p_21" DOUBLE;
timestamp: 2020-06-29T14:56:10.101909
ALTER TABLE "type" ADD "p_22" DOUBLE;
timestamp: 2020-06-29T14:56:10.240779
ALTER TABLE "type" ADD "p_23" DOUBLE;
timestamp: 2020-06-29T14:56:10.367026
ALTER TABLE "type" ADD "p_24" DOUBLE;
timestamp: 2020-06-29T14:56:10.483068
ALTER TABLE "type" ADD "p_25" DOUBLE;
timestamp: 2020-06-29T14:56:10.631579
ALTER TABLE "type" ADD "p_26" DOUBLE;
timestamp: 2020-06-29T14:56:10.764934
ALTER TABLE "type" ADD "p_27" DOUBLE;
timestamp: 2020-06-29T14:56:10.880657
ALTER TABLE "type" ADD "p_28" DOUBLE;
timestamp: 2020-06-29T14:56:10.985867
ALTER TABLE "type" ADD "p_30" DOUBLE;
timestamp: 2020-06-29T14:56:11.123689
ALTER TABLE "type" ADD "p_31" DOUBLE;
timestamp: 2020-06-29T14:56:11.272718
ALTER TABLE "type" ADD "p_40" DOUBLE;
timestamp: 2020-06-29T14:56:11.378565
ALTER TABLE "type" ADD "p_41" DOUBLE;
timestamp: 2020-06-29T14:56:11.493311
ALTER TABLE "type" ADD "p_50" DOUBLE;
timestamp: 2020-06-29T14:56:11.609835
ALTER TABLE "type" ADD "p_60" DOUBLE;
timestamp: 2020-06-29T14:56:11.746961
ALTER TABLE "type" ADD "p_61" DOUBLE;
timestamp: 2020-06-29T14:56:11.913006
ALTER TABLE "type" ADD "p_70" DOUBLE;
timestamp: 2020-06-29T14:56:12.079749
ALTER TABLE "type" ADD "p_71" DOUBLE;
timestamp: 2020-06-29T14:56:12.245939
ALTER TABLE "type" ADD "p_72" DOUBLE;
timestamp: 2020-06-29T14:56:12.371931
ALTER TABLE "type" ADD "p_73" DOUBLE;
timestamp: 2020-06-29T14:56:12.487582
ALTER TABLE "type" ADD "p_74" DOUBLE;
timestamp: 2020-06-29T14:56:12.614734
ALTER TABLE "type" ADD "p_80" DOUBLE;
timestamp: 2020-06-29T14:56:12.730233
ALTER TABLE "type" ADD "p_81" DOUBLE;
timestamp: 2020-06-29T14:56:12.847331
ALTER TABLE "type" ADD "p_90" DOUBLE;
timestamp: 2020-06-29T14:56:12.996248
ALTER TABLE "type" ADD "p_100" DOUBLE;
timestamp: 2020-06-29T14:56:13.112378
ALTER TABLE "type" ADD "p_101" DOUBLE;
timestamp: 2020-06-29T14:56:13.217317
ALTER TABLE "type" ADD "p_102" DOUBLE;
timestamp: 2020-06-29T14:56:13.310565
ALTER TABLE "type" ADD "p_103" DOUBLE;
timestamp: 2020-06-29T14:56:13.426777
ALTER TABLE "type" ADD "p_104" DOUBLE;
timestamp: 2020-06-29T14:56:13.542646
ALTER TABLE "type" ADD "p_105" DOUBLE;
timestamp: 2020-06-29T14:56:13.679877
ALTER TABLE "type" ADD "p_106" DOUBLE;
timestamp: 2020-06-29T14:56:13.774129
ALTER TABLE "type" ADD "p_107" DOUBLE;
timestamp: 2020-06-29T14:56:13.896223
ALTER TABLE "type" ADD "p_108" DOUBLE;
timestamp: 2020-06-29T14:56:14.022776
ALTER TABLE "type" ADD "p_110" DOUBLE;
timestamp: 2020-06-29T14:56:14.145914
ALTER TABLE "type" ADD "p_111" DOUBLE;
timestamp: 2020-06-29T14:56:14.288188
ALTER TABLE "type" ADD "p_120" DOUBLE;
timestamp: 2020-06-29T14:56:14.432558
ALTER TABLE "type" ADD "p_130" DOUBLE;
timestamp: 2020-06-29T14:56:14.565482
ALTER TABLE "type" ADD "p_131" DOUBLE;
timestamp: 2020-06-29T14:56:14.730917
ALTER TABLE "type" ADD "p_132" DOUBLE;
timestamp: 2020-06-29T14:56:14.891794
ALTER TABLE "type" ADD "p_140" DOUBLE;
timestamp: 2020-06-29T14:56:15.069223
ALTER TABLE "type" ADD "p_141" DOUBLE;
timestamp: 2020-06-29T14:56:15.202114
ALTER TABLE "type" ADD "p_142" DOUBLE;
timestamp: 2020-06-29T14:56:15.346187
ALTER TABLE "type" ADD "p_143" DOUBLE;
timestamp: 2020-06-29T14:56:15.489930
ALTER TABLE "type" ADD "p_144" DOUBLE;
timestamp: 2020-06-29T14:56:15.622783
ALTER TABLE "type" ADD "p_150" DOUBLE;
timestamp: 2020-06-29T14:56:15.745514
ALTER TABLE "type" ADD "p_151" DOUBLE;
timestamp: 2020-06-29T14:56:15.882892
ALTER TABLE "type" ADD "p_152" DOUBLE;
timestamp: 2020-06-29T14:56:16.001323
ALTER TABLE "type" ADD "p_153" DOUBLE;
timestamp: 2020-06-29T14:56:16.154582
ALTER TABLE "type" ADD "p_154" DOUBLE;
timestamp: 2020-06-29T14:56:16.276524
ALTER TABLE "type" ADD "p_155" DOUBLE;
timestamp: 2020-06-29T14:56:16.398040
ALTER TABLE "type" ADD "p_160" DOUBLE;
timestamp: 2020-06-29T14:56:16.542316
ALTER TABLE "type" ADD "p_161" DOUBLE;
timestamp: 2020-06-29T14:56:16.686449
ALTER TABLE "type" ADD "p_162" DOUBLE;
timestamp: 2020-06-29T14:56:16.847203
ALTER TABLE "type" ADD "p_163" DOUBLE;
timestamp: 2020-06-29T14:56:16.991545
ALTER TABLE "type" ADD "p_164" DOUBLE;
timestamp: 2020-06-29T14:56:17.112196
ALTER TABLE "type" ADD "p_165" DOUBLE;
timestamp: 2020-06-29T14:56:17.256278
ALTER TABLE "type" ADD "p_170" DOUBLE;
timestamp: 2020-06-29T14:56:17.400516
ALTER TABLE "type" ADD "p_171" DOUBLE;
timestamp: 2020-06-29T14:56:17.511539
ALTER TABLE "type" ADD "p_172" DOUBLE;
timestamp: 2020-06-29T14:56:17.644455
ALTER TABLE "type" ADD "p_180" DOUBLE;
timestamp: 2020-06-29T14:56:17.798831
ALTER TABLE "type" ADD "p_190" DOUBLE;
timestamp: 2020-06-29T14:56:17.959717
ALTER TABLE "type" ADD "p_191" DOUBLE;
timestamp: 2020-06-29T14:56:18.109126
ALTER TABLE "type" ADD "p_200" DOUBLE;
timestamp: 2020-06-29T14:56:18.219887
ALTER TABLE "type" ADD "p_210" DOUBLE;
success!
success!
success!
success!
timestamp: 2020-06-29T15:35:27.254834
ALTER TABLE "payout" ADD "quarter" INTEGER;
success!
success!
success!
success!
success!
success!
success!
success!
success!
success!
success!
success!
success!
success!
success!
success!
success!
success!
success!
success!
success!
success!
success!
success!
success!
success!
success!
success!
success!
success!
success!
success!
success!
success!
success!
success!
success!
success!
success!
success!
success!
success!
success!
success!
success!
success!
success!
success!
success!
success!
success!
success!
success!
success!
success!
success!
success!
success!
success!
success!
success!
success!
success!
success!
success!
success!
success!
success!
success!
success!
success!
success!
success!
success!
success!
success!
success!
success!
success!
success!
success!
success!
success!
success!
success!
success!
success!
success!
success!
success!
success!
success!
success!
success!
success!
success!
success!
success!
success!
success!
success!
success!
success!
success!
success!
success!
success!
success!
success!
success!
success!
success!
success!
success!
success!
success!
success!
success!
success!
success!
success!
success!
success!
success!
success!
success!
success!
success!
success!
success!
success!
success!
success!
success!
success!
success!
success!
success!
success!
success!
success!
success!
success!
success!
success!
success!
success!
success!
success!
success!
success!
success!
success!
success!
success!
success!
success!
success!
success!
success!
success!
success!
success!
success!
success!
success!
success!
success!
success!
success!
success!
success!
success!
success!
success!
success!
success!
success!
success!
success!
success!
success!
success!
success!
timestamp: 2020-07-04T16:11:15.047440
ALTER TABLE "ir4_description" ADD "p_id" CHAR(512);
timestamp: 2020-07-04T16:11:15.240795
ALTER TABLE "ir4_description" ADD "ekp" CHAR(512);
success!
success!
success!
success!
timestamp: 2020-07-05T11:18:09.538728
CREATE TABLE "auth_user"(
    "id" INTEGER PRIMARY KEY AUTOINCREMENT,
    "username" CHAR(512) UNIQUE,
    "email" CHAR(512) UNIQUE,
    "password" CHAR(512),
    "first_name" CHAR(512),
    "last_name" CHAR(512),
    "sso_id" CHAR(512),
    "action_token" CHAR(512),
    "last_password_change" TIMESTAMP
);
success!
timestamp: 2020-07-05T11:18:09.772105
CREATE TABLE "auth_user_tag_groups"(
    "id" INTEGER PRIMARY KEY AUTOINCREMENT,
    "path" CHAR(512),
    "record_id" INTEGER REFERENCES "auth_user" ("id") ON DELETE CASCADE  
);
success!
timestamp: 2020-07-05T11:18:09.959644
CREATE TABLE "company"(
    "id" INTEGER PRIMARY KEY AUTOINCREMENT,
    "IAN_FULL_NAME" CHAR(512),
    "FIN_TYPE" CHAR(512),
    "IM_NUMIDENT" INTEGER,
    "IAN_RO_SERIA" CHAR(512),
    "IAN_RO_CODE" CHAR(512),
    "IAN_RO_DT" TIMESTAMP,
    "DIC_NAME" CHAR(512),
    "F_ADR" CHAR(512),
    "IA_PHONE_CODE" CHAR(512),
    "IA_PHONE" CHAR(512),
    "IA_EMAIL" CHAR(512),
    "IND_OBL" CHAR(512),
    "K_NAME" CHAR(512),
    "abbreviation" CHAR(512),
    "position" CHAR(512),
    "update_date" TIMESTAMP,
    "changes" CHAR(512)
);
success!
timestamp: 2020-07-05T11:18:10.082589
CREATE TABLE "company_user"(
    "id" INTEGER PRIMARY KEY AUTOINCREMENT,
    "site_user" INTEGER REFERENCES "auth_user" ("id") ON DELETE CASCADE  ,
    "company_id" INTEGER REFERENCES "company" ("id") ON DELETE CASCADE  
);
success!
timestamp: 2020-07-05T11:18:10.196204
CREATE TABLE "ir4_description"(
    "id" INTEGER PRIMARY KEY AUTOINCREMENT,
    "name" CHAR(512),
    "p_id" INTEGER,
    "ekp" CHAR(512),
    "h015" CHAR(512),
    "k030" CHAR(512),
    "z220" CHAR(512)
);
success!
timestamp: 2020-07-05T11:18:10.315916
CREATE TABLE "vid_strah"(
    "id" INTEGER PRIMARY KEY AUTOINCREMENT,
    "name" CHAR(512)
);
success!
timestamp: 2020-07-05T11:18:10.455264
CREATE TABLE "type"(
    "id" INTEGER PRIMARY KEY AUTOINCREMENT,
    "ekp" CHAR(512),
    "h011" INTEGER REFERENCES "vid_strah" ("id") ON DELETE CASCADE  ,
    "h015" CHAR(512),
    "k030" CHAR(512),
    "z220" CHAR(512),
    "t100" DOUBLE
);
success!
timestamp: 2020-07-05T11:18:10.571831
CREATE TABLE "payout"(
    "id" INTEGER PRIMARY KEY AUTOINCREMENT,
    "insurance_type" CHAR(512),
    "contract_num" INTEGER,
    "case_num" INTEGER,
    "insurance_case_date" DATE,
    "statement_date" DATE,
    "requirement_date" DATE,
    "insurance_act_date" DATE,
    "insurance_payment_date" DATE,
    "insurance_payment_size" DOUBLE,
    "settlement_costs" DOUBLE,
    "reserve_size" DOUBLE,
    "quarter" INTEGER,
    "year" INTEGER,
    "company_id" INTEGER REFERENCES "company" ("id") ON DELETE CASCADE  
);
success!
timestamp: 2020-07-07T08:03:27.876366
CREATE TABLE "vid_strah_nfp_nbu"(
    "id" INTEGER PRIMARY KEY AUTOINCREMENT,
    "h011" INTEGER REFERENCES "vid_strah" ("id") ON DELETE CASCADE  
);
success!
timestamp: 2020-07-07T08:48:06.866824
ALTER TABLE "type" ADD "quarter" INTEGER;
timestamp: 2020-07-07T08:48:06.981629
ALTER TABLE "type" ADD "year" INTEGER;
timestamp: 2020-07-07T08:48:07.084533
ALTER TABLE "type" ADD "company_id" INTEGER REFERENCES "company" ("id") ON DELETE CASCADE  ;
success!
timestamp: 2020-07-07T13:57:21.814974
CREATE TABLE "type"(
    "id" INTEGER PRIMARY KEY AUTOINCREMENT,
    "ekp" CHAR(512),
    "h011" INTEGER REFERENCES "vid_strah" ("id") ON DELETE CASCADE  ,
    "h015" CHAR(512),
    "k030" CHAR(512),
    "z220" CHAR(512),
    "t100" DOUBLE,
    "quarter" INTEGER,
    "year" INTEGER,
    "company_id" INTEGER REFERENCES "company" ("id") ON DELETE CASCADE  
);
timestamp: 2020-07-07T13:57:33.952957
CREATE TABLE "type"(
    "id" INTEGER PRIMARY KEY AUTOINCREMENT,
    "ekp" CHAR(512),
    "h011" INTEGER REFERENCES "vid_strah" ("id") ON DELETE CASCADE  ,
    "h015" CHAR(512),
    "k030" CHAR(512),
    "z220" CHAR(512),
    "t100" DOUBLE,
    "quarter" INTEGER,
    "year" INTEGER,
    "company_id" INTEGER REFERENCES "company" ("id") ON DELETE CASCADE  
);
success!
timestamp: 2020-07-09T06:53:35.985855
CREATE TABLE "rezerv"(
    "id" INTEGER PRIMARY KEY AUTOINCREMENT,
    "insurance_type" CHAR(512),
    "contract_num" INTEGER,
    "case_num" INTEGER,
    "insurance_case_date" DATE,
    "statement_date" DATE,
    "requirement_date" DATE,
    "insurance_act_date" DATE,
    "insurance_payment_date" DATE,
    "insurance_payment_size" DOUBLE,
    "reserve_size" DOUBLE,
    "insert_date" DATE,
    "quarter" INTEGER,
    "year" INTEGER,
    "company_id" INTEGER REFERENCES "company" ("id") ON DELETE CASCADE  
);
success!
success!
success!
success!
timestamp: 2020-07-09T09:47:19.202349
CREATE TABLE "auth_user"(
    "id" INTEGER PRIMARY KEY AUTOINCREMENT,
    "username" CHAR(512) UNIQUE,
    "email" CHAR(512) UNIQUE,
    "password" CHAR(512),
    "first_name" CHAR(512),
    "last_name" CHAR(512),
    "sso_id" CHAR(512),
    "action_token" CHAR(512),
    "last_password_change" TIMESTAMP
);
success!
timestamp: 2020-07-09T09:47:19.372079
CREATE TABLE "auth_user_tag_groups"(
    "id" INTEGER PRIMARY KEY AUTOINCREMENT,
    "path" CHAR(512),
    "record_id" INTEGER REFERENCES "auth_user" ("id") ON DELETE CASCADE  
);
success!
timestamp: 2020-07-09T09:47:19.497999
CREATE TABLE "company"(
    "id" INTEGER PRIMARY KEY AUTOINCREMENT,
    "IAN_FULL_NAME" CHAR(512),
    "FIN_TYPE" CHAR(512),
    "IM_NUMIDENT" INTEGER,
    "IAN_RO_SERIA" CHAR(512),
    "IAN_RO_CODE" CHAR(512),
    "IAN_RO_DT" TIMESTAMP,
    "DIC_NAME" CHAR(512),
    "F_ADR" CHAR(512),
    "IA_PHONE_CODE" CHAR(512),
    "IA_PHONE" CHAR(512),
    "IA_EMAIL" CHAR(512),
    "IND_OBL" CHAR(512),
    "K_NAME" CHAR(512),
    "abbreviation" CHAR(512),
    "position" CHAR(512),
    "update_date" TIMESTAMP,
    "changes" CHAR(512)
);
success!
timestamp: 2020-07-09T09:47:19.636272
CREATE TABLE "company_user"(
    "id" INTEGER PRIMARY KEY AUTOINCREMENT,
    "site_user" INTEGER REFERENCES "auth_user" ("id") ON DELETE CASCADE  ,
    "company_id" INTEGER REFERENCES "company" ("id") ON DELETE CASCADE  
);
success!
timestamp: 2020-07-09T09:47:19.761219
CREATE TABLE "ir4_description"(
    "id" INTEGER PRIMARY KEY AUTOINCREMENT,
    "name" CHAR(512),
    "p_id" INTEGER,
    "ekp" CHAR(512),
    "h015" CHAR(512),
    "k030" CHAR(512),
    "z220" CHAR(512)
);
success!
timestamp: 2020-07-09T09:47:19.877516
CREATE TABLE "vid_strah"(
    "id" INTEGER PRIMARY KEY AUTOINCREMENT,
    "name" CHAR(512)
);
success!
timestamp: 2020-07-09T09:47:20.000997
CREATE TABLE "vid_strah_nfp_nbu"(
    "id" INTEGER PRIMARY KEY AUTOINCREMENT,
    "h011" INTEGER REFERENCES "vid_strah" ("id") ON DELETE CASCADE  
);
success!
timestamp: 2020-07-09T09:47:20.130107
CREATE TABLE "type"(
    "id" INTEGER PRIMARY KEY AUTOINCREMENT,
    "ekp" CHAR(512),
    "h011" INTEGER REFERENCES "vid_strah" ("id") ON DELETE CASCADE  ,
    "h015" CHAR(512),
    "k030" CHAR(512),
    "z220" CHAR(512),
    "t100" DOUBLE,
    "quarter" INTEGER,
    "year" INTEGER,
    "company_id" INTEGER REFERENCES "company" ("id") ON DELETE CASCADE  
);
success!
timestamp: 2020-07-09T09:47:20.257679
CREATE TABLE "payout"(
    "id" INTEGER PRIMARY KEY AUTOINCREMENT,
    "insurance_type" CHAR(512),
    "contract_num" INTEGER,
    "case_num" INTEGER,
    "insurance_case_date" DATE,
    "statement_date" DATE,
    "requirement_date" DATE,
    "insurance_act_date" DATE,
    "insurance_payment_date" DATE,
    "insurance_payment_size" DOUBLE,
    "settlement_costs" DOUBLE,
    "quarter" INTEGER,
    "year" INTEGER,
    "company_id" INTEGER REFERENCES "company" ("id") ON DELETE CASCADE  
);
success!
timestamp: 2020-07-09T09:47:20.398339
CREATE TABLE "rezerv"(
    "id" INTEGER PRIMARY KEY AUTOINCREMENT,
    "insurance_type" CHAR(512),
    "contract_num" INTEGER,
    "case_num" INTEGER,
    "insurance_case_date" DATE,
    "statement_date" DATE,
    "requirement_date" DATE,
    "insurance_act_date" DATE,
    "insurance_payment_date" DATE,
    "insurance_payment_size" DOUBLE,
    "reserve_size" DOUBLE,
    "insert_date" DATE,
    "quarter" INTEGER,
    "year" INTEGER,
    "company_id" INTEGER REFERENCES "company" ("id") ON DELETE CASCADE  
);
success!
timestamp: 2020-07-09T09:50:02.401017
ALTER TABLE "vid_strah" ADD "nfp_id" CHAR(512);
success!
timestamp: 2020-07-24T21:38:01.970250
ALTER TABLE "vid_strah" ADD "iar_kod" CHAR(512);
success!
success!
success!
success!
success!
success!
success!
success!
success!
success!
success!
timestamp: 2020-07-27T14:29:52.900076
CREATE TABLE "auth_user"(
    "id" INTEGER PRIMARY KEY AUTOINCREMENT,
    "username" CHAR(512) UNIQUE,
    "email" CHAR(512) UNIQUE,
    "password" CHAR(512),
    "first_name" CHAR(512),
    "last_name" CHAR(512),
    "sso_id" CHAR(512),
    "action_token" CHAR(512),
    "last_password_change" TIMESTAMP
);
success!
timestamp: 2020-07-27T14:29:53.412542
CREATE TABLE "auth_user_tag_groups"(
    "id" INTEGER PRIMARY KEY AUTOINCREMENT,
    "path" CHAR(512),
    "record_id" INTEGER REFERENCES "auth_user" ("id") ON DELETE CASCADE  
);
success!
timestamp: 2020-07-27T14:29:53.533858
CREATE TABLE "company"(
    "id" INTEGER PRIMARY KEY AUTOINCREMENT,
    "IAN_FULL_NAME" CHAR(512),
    "FIN_TYPE" CHAR(512),
    "IM_NUMIDENT" INTEGER,
    "IAN_RO_SERIA" CHAR(512),
    "IAN_RO_CODE" CHAR(512),
    "IAN_RO_DT" TIMESTAMP,
    "DIC_NAME" CHAR(512),
    "F_ADR" CHAR(512),
    "IA_PHONE_CODE" CHAR(512),
    "IA_PHONE" CHAR(512),
    "IA_EMAIL" CHAR(512),
    "IND_OBL" CHAR(512),
    "K_NAME" CHAR(512),
    "abbreviation" CHAR(512),
    "position" CHAR(512),
    "update_date" TIMESTAMP,
    "changes" CHAR(512)
);
success!
timestamp: 2020-07-27T14:29:53.645985
CREATE TABLE "company_user"(
    "id" INTEGER PRIMARY KEY AUTOINCREMENT,
    "site_user" INTEGER REFERENCES "auth_user" ("id") ON DELETE CASCADE  ,
    "company_id" INTEGER REFERENCES "company" ("id") ON DELETE CASCADE  
);
success!
timestamp: 2020-07-27T14:29:53.773064
CREATE TABLE "ir4_description"(
    "id" INTEGER PRIMARY KEY AUTOINCREMENT,
    "name" CHAR(512),
    "p_id" INTEGER,
    "ekp" CHAR(512),
    "h015" CHAR(512),
    "k030" CHAR(512),
    "z220" CHAR(512)
);
success!
timestamp: 2020-07-27T14:29:53.902671
CREATE TABLE "vid_strah"(
    "id" INTEGER PRIMARY KEY AUTOINCREMENT,
    "name" CHAR(512),
    "nfp_id" CHAR(512),
    "iar_kod" CHAR(512)
);
success!
timestamp: 2020-07-27T14:29:54.018478
CREATE TABLE "type"(
    "id" INTEGER PRIMARY KEY AUTOINCREMENT,
    "ekp" CHAR(512),
    "h011" INTEGER REFERENCES "vid_strah" ("id") ON DELETE CASCADE  ,
    "h015" CHAR(512),
    "k030" CHAR(512),
    "z220" CHAR(512),
    "t100" DOUBLE,
    "quarter" INTEGER,
    "year" INTEGER,
    "company_id" INTEGER REFERENCES "company" ("id") ON DELETE CASCADE  
);
success!
timestamp: 2020-07-27T14:29:54.140033
CREATE TABLE "payout"(
    "id" INTEGER PRIMARY KEY AUTOINCREMENT,
    "insurance_type" CHAR(512),
    "contract_num" INTEGER,
    "case_num" INTEGER,
    "insurance_case_date" DATE,
    "statement_date" DATE,
    "requirement_date" DATE,
    "insurance_act_date" DATE,
    "insurance_payment_date" DATE,
    "insurance_payment_size" DOUBLE,
    "settlement_costs" DOUBLE,
    "company_id" INTEGER REFERENCES "company" ("id") ON DELETE CASCADE  
);
success!
timestamp: 2020-07-27T14:29:54.271404
CREATE TABLE "rezerv"(
    "id" INTEGER PRIMARY KEY AUTOINCREMENT,
    "insurance_type" CHAR(512),
    "contract_num" INTEGER,
    "case_num" INTEGER,
    "insurance_case_date" DATE,
    "statement_date" DATE,
    "requirement_date" DATE,
    "insurance_act_date" DATE,
    "insurance_payment_date" DATE,
    "insurance_payment_size" DOUBLE,
    "reserve_size" DOUBLE,
    "insert_date" DATE,
    "company_id" INTEGER REFERENCES "company" ("id") ON DELETE CASCADE  
);
success!
timestamp: 2020-07-27T15:09:47.496477
CREATE TABLE "auth_user"(
    "id" INTEGER PRIMARY KEY AUTOINCREMENT,
    "username" CHAR(512) UNIQUE,
    "email" CHAR(512) UNIQUE,
    "password" CHAR(512),
    "first_name" CHAR(512),
    "last_name" CHAR(512),
    "sso_id" CHAR(512),
    "action_token" CHAR(512),
    "last_password_change" TIMESTAMP
);
success!
timestamp: 2020-07-27T15:09:47.676944
CREATE TABLE "auth_user_tag_groups"(
    "id" INTEGER PRIMARY KEY AUTOINCREMENT,
    "path" CHAR(512),
    "record_id" INTEGER REFERENCES "auth_user" ("id") ON DELETE CASCADE  
);
success!
timestamp: 2020-07-27T15:09:47.788655
CREATE TABLE "company"(
    "id" INTEGER PRIMARY KEY AUTOINCREMENT,
    "IAN_FULL_NAME" CHAR(512),
    "FIN_TYPE" CHAR(512),
    "IM_NUMIDENT" INTEGER,
    "IAN_RO_SERIA" CHAR(512),
    "IAN_RO_CODE" CHAR(512),
    "IAN_RO_DT" TIMESTAMP,
    "DIC_NAME" CHAR(512),
    "F_ADR" CHAR(512),
    "IA_PHONE_CODE" CHAR(512),
    "IA_PHONE" CHAR(512),
    "IA_EMAIL" CHAR(512),
    "IND_OBL" CHAR(512),
    "K_NAME" CHAR(512),
    "abbreviation" CHAR(512),
    "position" CHAR(512),
    "update_date" TIMESTAMP,
    "changes" CHAR(512)
);
success!
timestamp: 2020-07-27T15:09:47.898745
CREATE TABLE "company_user"(
    "id" INTEGER PRIMARY KEY AUTOINCREMENT,
    "site_user" INTEGER REFERENCES "auth_user" ("id") ON DELETE CASCADE  ,
    "company_id" INTEGER REFERENCES "company" ("id") ON DELETE CASCADE  
);
success!
timestamp: 2020-07-27T15:09:48.018095
CREATE TABLE "ir4_description"(
    "id" INTEGER PRIMARY KEY AUTOINCREMENT,
    "name" CHAR(512),
    "p_id" INTEGER,
    "ekp" CHAR(512),
    "h015" CHAR(512),
    "k030" CHAR(512),
    "z220" CHAR(512)
);
success!
timestamp: 2020-07-27T15:09:48.122006
CREATE TABLE "vid_strah"(
    "id" INTEGER PRIMARY KEY AUTOINCREMENT,
    "name" CHAR(512),
    "nfp_id" CHAR(512),
    "iar_kod" CHAR(512)
);
success!
timestamp: 2020-07-27T15:09:48.256878
CREATE TABLE "type"(
    "id" INTEGER PRIMARY KEY AUTOINCREMENT,
    "ekp" CHAR(512),
    "h011" INTEGER REFERENCES "vid_strah" ("id") ON DELETE CASCADE  ,
    "h015" CHAR(512),
    "k030" CHAR(512),
    "z220" CHAR(512),
    "t100" DOUBLE,
    "quarter" INTEGER,
    "year" INTEGER,
    "company_id" INTEGER REFERENCES "company" ("id") ON DELETE CASCADE  
);
success!
timestamp: 2020-07-27T15:09:48.368996
CREATE TABLE "payout"(
    "id" INTEGER PRIMARY KEY AUTOINCREMENT,
    "insurance_type" CHAR(512),
    "contract_num" INTEGER,
    "case_num" INTEGER,
    "insurance_case_date" DATE,
    "statement_date" DATE,
    "requirement_date" DATE,
    "insurance_act_date" DATE,
    "insurance_payment_date" DATE,
    "insurance_payment_size" DOUBLE,
    "settlement_costs" DOUBLE,
    "company_id" INTEGER REFERENCES "company" ("id") ON DELETE CASCADE  
);
success!
timestamp: 2020-07-27T15:09:48.473957
CREATE TABLE "rezerv"(
    "id" INTEGER PRIMARY KEY AUTOINCREMENT,
    "insurance_type" CHAR(512),
    "contract_num" INTEGER,
    "case_num" INTEGER,
    "insurance_case_date" DATE,
    "statement_date" DATE,
    "requirement_date" DATE,
    "insurance_act_date" DATE,
    "insurance_payment_date" DATE,
    "insurance_payment_size" DOUBLE,
    "reserve_size" DOUBLE,
    "insert_date" DATE,
    "company_id" INTEGER REFERENCES "company" ("id") ON DELETE CASCADE  
);
success!
timestamp: 2020-07-27T15:15:47.126919
CREATE TABLE "auth_user"(
    "id" INTEGER PRIMARY KEY AUTOINCREMENT,
    "username" CHAR(512) UNIQUE,
    "email" CHAR(512) UNIQUE,
    "password" CHAR(512),
    "first_name" CHAR(512),
    "last_name" CHAR(512),
    "sso_id" CHAR(512),
    "action_token" CHAR(512),
    "last_password_change" TIMESTAMP
);
success!
timestamp: 2020-07-27T15:15:47.259592
CREATE TABLE "auth_user_tag_groups"(
    "id" INTEGER PRIMARY KEY AUTOINCREMENT,
    "path" CHAR(512),
    "record_id" INTEGER REFERENCES "auth_user" ("id") ON DELETE CASCADE  
);
success!
timestamp: 2020-07-27T15:15:47.417559
CREATE TABLE "company"(
    "id" INTEGER PRIMARY KEY AUTOINCREMENT,
    "IAN_FULL_NAME" CHAR(512),
    "FIN_TYPE" CHAR(512),
    "IM_NUMIDENT" INTEGER,
    "IAN_RO_SERIA" CHAR(512),
    "IAN_RO_CODE" CHAR(512),
    "IAN_RO_DT" TIMESTAMP,
    "DIC_NAME" CHAR(512),
    "F_ADR" CHAR(512),
    "IA_PHONE_CODE" CHAR(512),
    "IA_PHONE" CHAR(512),
    "IA_EMAIL" CHAR(512),
    "IND_OBL" CHAR(512),
    "K_NAME" CHAR(512),
    "abbreviation" CHAR(512),
    "position" CHAR(512),
    "update_date" TIMESTAMP,
    "changes" CHAR(512)
);
success!
timestamp: 2020-07-27T15:15:47.520893
CREATE TABLE "company_user"(
    "id" INTEGER PRIMARY KEY AUTOINCREMENT,
    "site_user" INTEGER REFERENCES "auth_user" ("id") ON DELETE CASCADE  ,
    "company_id" INTEGER REFERENCES "company" ("id") ON DELETE CASCADE  
);
success!
timestamp: 2020-07-27T15:15:47.629929
CREATE TABLE "ir4_description"(
    "id" INTEGER PRIMARY KEY AUTOINCREMENT,
    "name" CHAR(512),
    "p_id" INTEGER,
    "ekp" CHAR(512),
    "h015" CHAR(512),
    "k030" CHAR(512),
    "z220" CHAR(512)
);
success!
timestamp: 2020-07-27T15:15:47.756278
CREATE TABLE "vid_strah"(
    "id" INTEGER PRIMARY KEY AUTOINCREMENT,
    "name" CHAR(512),
    "nfp_id" CHAR(512),
    "iar_kod" CHAR(512)
);
success!
timestamp: 2020-07-27T15:15:47.872241
CREATE TABLE "type"(
    "id" INTEGER PRIMARY KEY AUTOINCREMENT,
    "ekp" CHAR(512),
    "h011" INTEGER REFERENCES "vid_strah" ("id") ON DELETE CASCADE  ,
    "h015" CHAR(512),
    "k030" CHAR(512),
    "z220" CHAR(512),
    "t100" DOUBLE,
    "quarter" INTEGER,
    "year" INTEGER,
    "company_id" INTEGER REFERENCES "company" ("id") ON DELETE CASCADE  
);
success!
timestamp: 2020-07-27T15:15:48.271133
CREATE TABLE "payout"(
    "id" INTEGER PRIMARY KEY AUTOINCREMENT,
    "insurance_type" CHAR(512),
    "contract_num" INTEGER,
    "case_num" INTEGER,
    "insurance_case_date" DATE,
    "statement_date" DATE,
    "requirement_date" DATE,
    "insurance_act_date" DATE,
    "insurance_payment_date" DATE,
    "insurance_payment_size" DOUBLE,
    "settlement_costs" DOUBLE,
    "company_id" INTEGER REFERENCES "company" ("id") ON DELETE CASCADE  
);
success!
timestamp: 2020-07-27T15:15:48.404468
CREATE TABLE "rezerv"(
    "id" INTEGER PRIMARY KEY AUTOINCREMENT,
    "insurance_type" CHAR(512),
    "contract_num" INTEGER,
    "case_num" INTEGER,
    "insurance_case_date" DATE,
    "statement_date" DATE,
    "requirement_date" DATE,
    "insurance_act_date" DATE,
    "insurance_payment_date" DATE,
    "insurance_payment_size" DOUBLE,
    "reserve_size" DOUBLE,
    "insert_date" DATE,
    "company_id" INTEGER REFERENCES "company" ("id") ON DELETE CASCADE  
);
success!
timestamp: 2020-07-27T15:18:53.332473
CREATE TABLE "auth_user"(
    "id" INTEGER PRIMARY KEY AUTOINCREMENT,
    "username" CHAR(512) UNIQUE,
    "email" CHAR(512) UNIQUE,
    "password" CHAR(512),
    "first_name" CHAR(512),
    "last_name" CHAR(512),
    "sso_id" CHAR(512),
    "action_token" CHAR(512),
    "last_password_change" TIMESTAMP
);
success!
timestamp: 2020-07-27T15:18:54.600958
CREATE TABLE "auth_user_tag_groups"(
    "id" INTEGER PRIMARY KEY AUTOINCREMENT,
    "path" CHAR(512),
    "record_id" INTEGER REFERENCES "auth_user" ("id") ON DELETE CASCADE  
);
success!
timestamp: 2020-07-27T15:18:54.751773
CREATE TABLE "company"(
    "id" INTEGER PRIMARY KEY AUTOINCREMENT,
    "IAN_FULL_NAME" CHAR(512),
    "FIN_TYPE" CHAR(512),
    "IM_NUMIDENT" INTEGER,
    "IAN_RO_SERIA" CHAR(512),
    "IAN_RO_CODE" CHAR(512),
    "IAN_RO_DT" TIMESTAMP,
    "DIC_NAME" CHAR(512),
    "F_ADR" CHAR(512),
    "IA_PHONE_CODE" CHAR(512),
    "IA_PHONE" CHAR(512),
    "IA_EMAIL" CHAR(512),
    "IND_OBL" CHAR(512),
    "K_NAME" CHAR(512),
    "abbreviation" CHAR(512),
    "position" CHAR(512),
    "update_date" TIMESTAMP,
    "changes" CHAR(512)
);
success!
timestamp: 2020-07-27T15:18:54.860563
CREATE TABLE "company_user"(
    "id" INTEGER PRIMARY KEY AUTOINCREMENT,
    "site_user" INTEGER REFERENCES "auth_user" ("id") ON DELETE CASCADE  ,
    "company_id" INTEGER REFERENCES "company" ("id") ON DELETE CASCADE  
);
success!
timestamp: 2020-07-27T15:18:54.990909
CREATE TABLE "ir4_description"(
    "id" INTEGER PRIMARY KEY AUTOINCREMENT,
    "name" CHAR(512),
    "p_id" INTEGER,
    "ekp" CHAR(512),
    "h015" CHAR(512),
    "k030" CHAR(512),
    "z220" CHAR(512)
);
success!
timestamp: 2020-07-27T15:18:55.098696
CREATE TABLE "vid_strah"(
    "id" INTEGER PRIMARY KEY AUTOINCREMENT,
    "name" CHAR(512),
    "nfp_id" CHAR(512),
    "iar_kod" CHAR(512)
);
success!
timestamp: 2020-07-27T15:18:55.224028
CREATE TABLE "type"(
    "id" INTEGER PRIMARY KEY AUTOINCREMENT,
    "ekp" CHAR(512),
    "h011" INTEGER REFERENCES "vid_strah" ("id") ON DELETE CASCADE  ,
    "h015" CHAR(512),
    "k030" CHAR(512),
    "z220" CHAR(512),
    "t100" DOUBLE,
    "quarter" INTEGER,
    "year" INTEGER,
    "company_id" INTEGER REFERENCES "company" ("id") ON DELETE CASCADE  
);
success!
timestamp: 2020-07-27T15:18:55.348698
CREATE TABLE "payout"(
    "id" INTEGER PRIMARY KEY AUTOINCREMENT,
    "insurance_type" CHAR(512),
    "contract_num" INTEGER,
    "case_num" INTEGER,
    "insurance_case_date" DATE,
    "statement_date" DATE,
    "requirement_date" DATE,
    "insurance_act_date" DATE,
    "insurance_payment_date" DATE,
    "insurance_payment_size" DOUBLE,
    "settlement_costs" DOUBLE,
    "company_id" INTEGER REFERENCES "company" ("id") ON DELETE CASCADE  
);
success!
timestamp: 2020-07-27T15:18:55.457365
CREATE TABLE "rezerv"(
    "id" INTEGER PRIMARY KEY AUTOINCREMENT,
    "insurance_type" CHAR(512),
    "contract_num" INTEGER,
    "case_num" INTEGER,
    "insurance_case_date" DATE,
    "statement_date" DATE,
    "requirement_date" DATE,
    "insurance_act_date" DATE,
    "insurance_payment_date" DATE,
    "insurance_payment_size" DOUBLE,
    "reserve_size" DOUBLE,
    "insert_date" DATE,
    "company_id" INTEGER REFERENCES "company" ("id") ON DELETE CASCADE  
);
success!
success!
success!
success!
success!
timestamp: 2020-07-31T12:30:42.860985
CREATE TABLE "auth_user"(
    "id" INTEGER PRIMARY KEY AUTOINCREMENT,
    "username" CHAR(512) UNIQUE,
    "email" CHAR(512) UNIQUE,
    "password" CHAR(512),
    "first_name" CHAR(512),
    "last_name" CHAR(512),
    "sso_id" CHAR(512),
    "action_token" CHAR(512),
    "last_password_change" TIMESTAMP
);
success!
timestamp: 2020-07-31T12:30:43.130037
CREATE TABLE "auth_user_tag_groups"(
    "id" INTEGER PRIMARY KEY AUTOINCREMENT,
    "path" CHAR(512),
    "record_id" INTEGER REFERENCES "auth_user" ("id") ON DELETE CASCADE  
);
success!
timestamp: 2020-07-31T12:30:43.266398
CREATE TABLE "company"(
    "id" INTEGER PRIMARY KEY AUTOINCREMENT,
    "IAN_FULL_NAME" CHAR(512),
    "FIN_TYPE" CHAR(512),
    "IM_NUMIDENT" INTEGER,
    "IAN_RO_SERIA" CHAR(512),
    "IAN_RO_CODE" CHAR(512),
    "IAN_RO_DT" TIMESTAMP,
    "DIC_NAME" CHAR(512),
    "F_ADR" CHAR(512),
    "IA_PHONE_CODE" CHAR(512),
    "IA_PHONE" CHAR(512),
    "IA_EMAIL" CHAR(512),
    "IND_OBL" CHAR(512),
    "K_NAME" CHAR(512),
    "abbreviation" CHAR(512),
    "position" CHAR(512),
    "update_date" TIMESTAMP,
    "changes" CHAR(512)
);
success!
timestamp: 2020-07-31T12:30:43.384671
CREATE TABLE "company_user"(
    "id" INTEGER PRIMARY KEY AUTOINCREMENT,
    "site_user" INTEGER REFERENCES "auth_user" ("id") ON DELETE CASCADE  ,
    "company_id" INTEGER REFERENCES "company" ("id") ON DELETE CASCADE  
);
success!
timestamp: 2020-07-31T12:30:43.496459
CREATE TABLE "ir4_description"(
    "id" INTEGER PRIMARY KEY AUTOINCREMENT,
    "name" CHAR(512),
    "p_id" INTEGER,
    "ekp" CHAR(512),
    "h015" CHAR(512),
    "k030" CHAR(512),
    "z220" CHAR(512)
);
success!
timestamp: 2020-07-31T12:30:43.614188
CREATE TABLE "vid_strah"(
    "id" INTEGER PRIMARY KEY AUTOINCREMENT,
    "name" CHAR(512),
    "nfp_id" CHAR(512),
    "iar_kod" CHAR(512)
);
success!
timestamp: 2020-07-31T12:30:43.730422
CREATE TABLE "type"(
    "id" INTEGER PRIMARY KEY AUTOINCREMENT,
    "ekp" CHAR(512),
    "h011" INTEGER REFERENCES "vid_strah" ("id") ON DELETE CASCADE  ,
    "h015" CHAR(512),
    "k030" CHAR(512),
    "z220" CHAR(512),
    "t100" DOUBLE,
    "quarter" INTEGER,
    "year" INTEGER,
    "company_id" INTEGER REFERENCES "company" ("id") ON DELETE CASCADE  
);
success!
timestamp: 2020-07-31T12:30:43.837459
CREATE TABLE "payout"(
    "id" INTEGER PRIMARY KEY AUTOINCREMENT,
    "insurance_type" INTEGER REFERENCES "vid_strah" ("id") ON DELETE CASCADE  ,
    "contract_num" CHAR(512),
    "case_num" CHAR(512),
    "insurance_case_date" CHAR(512),
    "statement_date" CHAR(512),
    "requirement_date" CHAR(512),
    "insurance_act_date" CHAR(512),
    "insurance_payment_date" CHAR(512),
    "insurance_payment_size" CHAR(512),
    "settlement_costs" CHAR(512),
    "company_id" INTEGER REFERENCES "company" ("id") ON DELETE CASCADE  
);
success!
timestamp: 2020-07-31T12:30:43.959117
CREATE TABLE "rezerv"(
    "id" INTEGER PRIMARY KEY AUTOINCREMENT,
    "insurance_type" INTEGER REFERENCES "vid_strah" ("id") ON DELETE CASCADE  ,
    "contract_num" CHAR(512),
    "case_num" CHAR(512),
    "insurance_case_date" CHAR(512),
    "statement_date" CHAR(512),
    "requirement_date" CHAR(512),
    "insurance_act_date" CHAR(512),
    "insurance_payment_date" CHAR(512),
    "insurance_payment_size" CHAR(512),
    "reserve_size" CHAR(512),
    "insert_date" CHAR(512),
    "company_id" INTEGER REFERENCES "company" ("id") ON DELETE CASCADE  
);
success!
timestamp: 2020-08-11T00:40:10.710946
CREATE TABLE "auth_user"(
    "id" INTEGER PRIMARY KEY AUTOINCREMENT,
    "username" CHAR(512) UNIQUE,
    "email" CHAR(512) UNIQUE,
    "password" CHAR(512),
    "first_name" CHAR(512),
    "last_name" CHAR(512),
    "sso_id" CHAR(512),
    "action_token" CHAR(512),
    "last_password_change" TIMESTAMP
);
success!
timestamp: 2020-08-11T00:40:10.997546
CREATE TABLE "auth_user_tag_groups"(
    "id" INTEGER PRIMARY KEY AUTOINCREMENT,
    "path" CHAR(512),
    "record_id" INTEGER REFERENCES "auth_user" ("id") ON DELETE CASCADE  
);
success!
timestamp: 2020-08-11T00:40:11.214375
CREATE TABLE "company"(
    "id" INTEGER PRIMARY KEY AUTOINCREMENT,
    "IAN_FULL_NAME" CHAR(512),
    "FIN_TYPE" CHAR(512),
    "IM_NUMIDENT" INTEGER,
    "IAN_RO_SERIA" CHAR(512),
    "IAN_RO_CODE" CHAR(512),
    "IAN_RO_DT" TIMESTAMP,
    "DIC_NAME" CHAR(512),
    "F_ADR" CHAR(512),
    "IA_PHONE_CODE" CHAR(512),
    "IA_PHONE" CHAR(512),
    "IA_EMAIL" CHAR(512),
    "IND_OBL" CHAR(512),
    "K_NAME" CHAR(512),
    "abbreviation" CHAR(512),
    "position" CHAR(512),
    "update_date" TIMESTAMP,
    "changes" CHAR(512)
);
success!
timestamp: 2020-08-11T00:40:11.352439
CREATE TABLE "company_user"(
    "id" INTEGER PRIMARY KEY AUTOINCREMENT,
    "site_user" INTEGER REFERENCES "auth_user" ("id") ON DELETE CASCADE  ,
    "company_id" INTEGER REFERENCES "company" ("id") ON DELETE CASCADE  
);
success!
timestamp: 2020-08-11T00:40:11.498357
CREATE TABLE "ir4_description"(
    "id" INTEGER PRIMARY KEY AUTOINCREMENT,
    "name" CHAR(512),
    "p_id" INTEGER,
    "ekp" CHAR(512),
    "h015" CHAR(512),
    "k030" CHAR(512),
    "z220" CHAR(512)
);
success!
timestamp: 2020-08-11T00:40:11.623277
CREATE TABLE "vid_strah"(
    "id" INTEGER PRIMARY KEY AUTOINCREMENT,
    "name" CHAR(512),
    "nfp_id" CHAR(512),
    "iar_kod" CHAR(512)
);
success!
timestamp: 2020-08-11T00:40:11.801746
CREATE TABLE "type"(
    "id" INTEGER PRIMARY KEY AUTOINCREMENT,
    "ekp" CHAR(512),
    "h011" INTEGER REFERENCES "vid_strah" ("id") ON DELETE CASCADE  ,
    "h015" CHAR(512),
    "k030" CHAR(512),
    "z220" CHAR(512),
    "t100" DOUBLE,
    "quarter" INTEGER,
    "year" INTEGER,
    "company_id" INTEGER REFERENCES "company" ("id") ON DELETE CASCADE  
);
success!
timestamp: 2020-08-11T00:40:11.911780
CREATE TABLE "payout"(
    "id" INTEGER PRIMARY KEY AUTOINCREMENT,
    "insurance_type" INTEGER REFERENCES "vid_strah" ("id") ON DELETE CASCADE  ,
    "contract_num" CHAR(512),
    "case_num" CHAR(512),
    "insurance_case_date" CHAR(512),
    "statement_date" CHAR(512),
    "requirement_date" CHAR(512),
    "insurance_act_date" CHAR(512),
    "insurance_payment_date" CHAR(512),
    "insurance_payment_size" CHAR(512),
    "settlement_costs" CHAR(512),
    "company_id" INTEGER REFERENCES "company" ("id") ON DELETE CASCADE  
);
success!
timestamp: 2020-08-11T00:40:12.021578
CREATE TABLE "rezerv"(
    "id" INTEGER PRIMARY KEY AUTOINCREMENT,
    "insurance_type" INTEGER REFERENCES "vid_strah" ("id") ON DELETE CASCADE  ,
    "contract_num" CHAR(512),
    "case_num" CHAR(512),
    "insurance_case_date" CHAR(512),
    "statement_date" CHAR(512),
    "requirement_date" CHAR(512),
    "insurance_act_date" CHAR(512),
    "insurance_payment_date" CHAR(512),
    "insurance_payment_size" CHAR(512),
    "reserve_size" CHAR(512),
    "insert_date" CHAR(512),
    "company_id" INTEGER REFERENCES "company" ("id") ON DELETE CASCADE  
);
success!
timestamp: 2020-08-11T00:43:07.688824
ALTER TABLE "vid_strah" ADD "type" CHAR(512);
timestamp: 2020-08-11T00:43:07.906300
ALTER TABLE "vid_strah" ADD "nbu_id" CHAR(512);
success!
timestamp: 2020-08-11T01:07:34.526561
CREATE TABLE "auth_user"(
    "id" INTEGER PRIMARY KEY AUTOINCREMENT,
    "username" CHAR(512) UNIQUE,
    "email" CHAR(512) UNIQUE,
    "password" CHAR(512),
    "first_name" CHAR(512),
    "last_name" CHAR(512),
    "sso_id" CHAR(512),
    "action_token" CHAR(512),
    "last_password_change" TIMESTAMP
);
success!
timestamp: 2020-08-11T01:07:34.688627
CREATE TABLE "auth_user_tag_groups"(
    "id" INTEGER PRIMARY KEY AUTOINCREMENT,
    "path" CHAR(512),
    "record_id" INTEGER REFERENCES "auth_user" ("id") ON DELETE CASCADE  
);
success!
timestamp: 2020-08-11T01:07:34.805274
CREATE TABLE "company"(
    "id" INTEGER PRIMARY KEY AUTOINCREMENT,
    "IAN_FULL_NAME" CHAR(512),
    "FIN_TYPE" CHAR(512),
    "IM_NUMIDENT" INTEGER,
    "IAN_RO_SERIA" CHAR(512),
    "IAN_RO_CODE" CHAR(512),
    "IAN_RO_DT" TIMESTAMP,
    "DIC_NAME" CHAR(512),
    "F_ADR" CHAR(512),
    "IA_PHONE_CODE" CHAR(512),
    "IA_PHONE" CHAR(512),
    "IA_EMAIL" CHAR(512),
    "IND_OBL" CHAR(512),
    "K_NAME" CHAR(512),
    "abbreviation" CHAR(512),
    "position" CHAR(512),
    "update_date" TIMESTAMP,
    "changes" CHAR(512)
);
success!
timestamp: 2020-08-11T01:07:34.933095
CREATE TABLE "company_user"(
    "id" INTEGER PRIMARY KEY AUTOINCREMENT,
    "site_user" INTEGER REFERENCES "auth_user" ("id") ON DELETE CASCADE  ,
    "company_id" INTEGER REFERENCES "company" ("id") ON DELETE CASCADE  
);
success!
timestamp: 2020-08-11T01:07:35.087293
CREATE TABLE "ir4_description"(
    "id" INTEGER PRIMARY KEY AUTOINCREMENT,
    "name" CHAR(512),
    "p_id" INTEGER,
    "ekp" CHAR(512),
    "h015" CHAR(512),
    "k030" CHAR(512),
    "z220" CHAR(512)
);
success!
timestamp: 2020-08-11T01:07:35.184598
CREATE TABLE "vid_strah"(
    "id" INTEGER PRIMARY KEY AUTOINCREMENT,
    "name" CHAR(512),
    "type" CHAR(512),
    "nfp_id" CHAR(512),
    "nbu_id" CHAR(512),
    "iar_kod" CHAR(512)
);
success!
timestamp: 2020-08-11T01:07:35.273203
CREATE TABLE "type"(
    "id" INTEGER PRIMARY KEY AUTOINCREMENT,
    "ekp" CHAR(512),
    "h011" INTEGER REFERENCES "vid_strah" ("id") ON DELETE CASCADE  ,
    "h015" CHAR(512),
    "k030" CHAR(512),
    "z220" CHAR(512),
    "t100" DOUBLE,
    "quarter" INTEGER,
    "year" INTEGER,
    "company_id" INTEGER REFERENCES "company" ("id") ON DELETE CASCADE  
);
success!
timestamp: 2020-08-11T01:07:35.362463
CREATE TABLE "payout"(
    "id" INTEGER PRIMARY KEY AUTOINCREMENT,
    "insurance_type" INTEGER REFERENCES "vid_strah" ("id") ON DELETE CASCADE  ,
    "contract_num" CHAR(512),
    "case_num" CHAR(512),
    "insurance_case_date" CHAR(512),
    "statement_date" CHAR(512),
    "requirement_date" CHAR(512),
    "insurance_act_date" CHAR(512),
    "insurance_payment_date" CHAR(512),
    "insurance_payment_size" CHAR(512),
    "settlement_costs" CHAR(512),
    "company_id" INTEGER REFERENCES "company" ("id") ON DELETE CASCADE  
);
success!
timestamp: 2020-08-11T01:07:35.460834
CREATE TABLE "rezerv"(
    "id" INTEGER PRIMARY KEY AUTOINCREMENT,
    "insurance_type" INTEGER REFERENCES "vid_strah" ("id") ON DELETE CASCADE  ,
    "contract_num" CHAR(512),
    "case_num" CHAR(512),
    "insurance_case_date" CHAR(512),
    "statement_date" CHAR(512),
    "requirement_date" CHAR(512),
    "insurance_act_date" CHAR(512),
    "insurance_payment_date" CHAR(512),
    "insurance_payment_size" CHAR(512),
    "reserve_size" CHAR(512),
    "insert_date" CHAR(512),
    "company_id" INTEGER REFERENCES "company" ("id") ON DELETE CASCADE  
);
success!
success!
success!
timestamp: 2020-08-11T08:27:12.442552
CREATE TABLE "auth_user"(
    "id" INTEGER PRIMARY KEY AUTOINCREMENT,
    "username" CHAR(512) UNIQUE,
    "email" CHAR(512) UNIQUE,
    "password" CHAR(512),
    "first_name" CHAR(512),
    "last_name" CHAR(512),
    "sso_id" CHAR(512),
    "action_token" CHAR(512),
    "last_password_change" TIMESTAMP
);
success!
timestamp: 2020-08-11T08:27:12.658497
CREATE TABLE "auth_user_tag_groups"(
    "id" INTEGER PRIMARY KEY AUTOINCREMENT,
    "path" CHAR(512),
    "record_id" INTEGER REFERENCES "auth_user" ("id") ON DELETE CASCADE  
);
success!
timestamp: 2020-08-11T08:27:12.812098
CREATE TABLE "company"(
    "id" INTEGER PRIMARY KEY AUTOINCREMENT,
    "IAN_FULL_NAME" CHAR(512),
    "FIN_TYPE" CHAR(512),
    "IM_NUMIDENT" INTEGER,
    "IAN_RO_SERIA" CHAR(512),
    "IAN_RO_CODE" CHAR(512),
    "IAN_RO_DT" TIMESTAMP,
    "DIC_NAME" CHAR(512),
    "F_ADR" CHAR(512),
    "IA_PHONE_CODE" CHAR(512),
    "IA_PHONE" CHAR(512),
    "IA_EMAIL" CHAR(512),
    "IND_OBL" CHAR(512),
    "K_NAME" CHAR(512),
    "abbreviation" CHAR(512),
    "position" CHAR(512),
    "update_date" TIMESTAMP,
    "changes" CHAR(512)
);
success!
timestamp: 2020-08-11T08:27:12.958411
CREATE TABLE "company_user"(
    "id" INTEGER PRIMARY KEY AUTOINCREMENT,
    "site_user" INTEGER REFERENCES "auth_user" ("id") ON DELETE CASCADE  ,
    "company_id" INTEGER REFERENCES "company" ("id") ON DELETE CASCADE  
);
success!
timestamp: 2020-08-11T08:27:13.070873
CREATE TABLE "ir4_description"(
    "id" INTEGER PRIMARY KEY AUTOINCREMENT,
    "name" CHAR(512),
    "p_id" INTEGER,
    "ekp" CHAR(512),
    "h015" CHAR(512),
    "k030" CHAR(512),
    "z220" CHAR(512)
);
success!
timestamp: 2020-08-11T08:27:13.186316
CREATE TABLE "vid_strah"(
    "id" INTEGER PRIMARY KEY AUTOINCREMENT,
    "name" CHAR(512),
    "type" CHAR(512),
    "nfp_id" CHAR(512),
    "nbu_id" CHAR(512),
    "iar_kod" CHAR(512)
);
success!
timestamp: 2020-08-11T08:27:13.303472
CREATE TABLE "type"(
    "id" INTEGER PRIMARY KEY AUTOINCREMENT,
    "ekp" CHAR(512),
    "h011" INTEGER REFERENCES "vid_strah" ("id") ON DELETE CASCADE  ,
    "h015" CHAR(512),
    "k030" CHAR(512),
    "z220" CHAR(512),
    "t100" DOUBLE,
    "quarter" INTEGER,
    "year" INTEGER,
    "company_id" INTEGER REFERENCES "company" ("id") ON DELETE CASCADE  
);
success!
timestamp: 2020-08-11T08:27:13.411184
CREATE TABLE "payout"(
    "id" INTEGER PRIMARY KEY AUTOINCREMENT,
    "insurance_type" INTEGER REFERENCES "vid_strah" ("id") ON DELETE CASCADE  ,
    "contract_num" CHAR(512),
    "case_num" CHAR(512),
    "insurance_case_date" TIMESTAMP,
    "statement_date" TIMESTAMP,
    "requirement_date" TIMESTAMP,
    "insurance_act_date" TIMESTAMP,
    "insurance_payment_date" TIMESTAMP,
    "insurance_payment_size" CHAR(512),
    "settlement_costs" CHAR(512),
    "company_id" INTEGER REFERENCES "company" ("id") ON DELETE CASCADE  
);
success!
timestamp: 2020-08-11T08:27:13.491965
CREATE TABLE "rezerv"(
    "id" INTEGER PRIMARY KEY AUTOINCREMENT,
    "insurance_type" INTEGER REFERENCES "vid_strah" ("id") ON DELETE CASCADE  ,
    "contract_num" CHAR(512),
    "case_num" CHAR(512),
    "insurance_case_date" TIMESTAMP,
    "statement_date" TIMESTAMP,
    "requirement_date" TIMESTAMP,
    "insurance_act_date" TIMESTAMP,
    "insurance_payment_date" TIMESTAMP,
    "insurance_payment_size" CHAR(512),
    "reserve_size" CHAR(512),
    "insert_date" TIMESTAMP,
    "company_id" INTEGER REFERENCES "company" ("id") ON DELETE CASCADE  
);
success!
timestamp: 2020-08-11T08:33:47.454308
ALTER TABLE "vid_strah" ADD "key1" CHAR(512);
timestamp: 2020-08-11T08:33:47.636169
ALTER TABLE "vid_strah" ADD "key2" CHAR(512);
timestamp: 2020-08-11T08:33:47.735088
ALTER TABLE "vid_strah" ADD "key3" CHAR(512);
success!
timestamp: 2020-08-13T11:28:16.455131
CREATE TABLE "auth_user"(
    "id" INTEGER PRIMARY KEY AUTOINCREMENT,
    "username" CHAR(512) UNIQUE,
    "email" CHAR(512) UNIQUE,
    "password" CHAR(512),
    "first_name" CHAR(512),
    "last_name" CHAR(512),
    "sso_id" CHAR(512),
    "action_token" CHAR(512),
    "last_password_change" TIMESTAMP
);
success!
timestamp: 2020-08-13T11:28:16.651700
CREATE TABLE "auth_user_tag_groups"(
    "id" INTEGER PRIMARY KEY AUTOINCREMENT,
    "path" CHAR(512),
    "record_id" INTEGER REFERENCES "auth_user" ("id") ON DELETE CASCADE  
);
success!
timestamp: 2020-08-13T11:28:16.803179
CREATE TABLE "company"(
    "id" INTEGER PRIMARY KEY AUTOINCREMENT,
    "IAN_FULL_NAME" CHAR(512),
    "FIN_TYPE" CHAR(512),
    "IM_NUMIDENT" INTEGER,
    "IAN_RO_SERIA" CHAR(512),
    "IAN_RO_CODE" CHAR(512),
    "IAN_RO_DT" TIMESTAMP,
    "DIC_NAME" CHAR(512),
    "F_ADR" CHAR(512),
    "IA_PHONE_CODE" CHAR(512),
    "IA_PHONE" CHAR(512),
    "IA_EMAIL" CHAR(512),
    "IND_OBL" CHAR(512),
    "K_NAME" CHAR(512),
    "abbreviation" CHAR(512),
    "position" CHAR(512),
    "update_date" TIMESTAMP,
    "changes" CHAR(512)
);
success!
timestamp: 2020-08-13T11:28:16.929328
CREATE TABLE "company_user"(
    "id" INTEGER PRIMARY KEY AUTOINCREMENT,
    "site_user" INTEGER REFERENCES "auth_user" ("id") ON DELETE CASCADE  ,
    "company_id" INTEGER REFERENCES "company" ("id") ON DELETE CASCADE  
);
success!
timestamp: 2020-08-13T11:28:17.391399
CREATE TABLE "ir4_description"(
    "id" INTEGER PRIMARY KEY AUTOINCREMENT,
    "name" CHAR(512),
    "p_id" INTEGER,
    "ekp" CHAR(512),
    "h015" CHAR(512),
    "k030" CHAR(512),
    "z220" CHAR(512)
);
success!
timestamp: 2020-08-13T11:28:17.520690
CREATE TABLE "vid_strah"(
    "id" INTEGER PRIMARY KEY AUTOINCREMENT,
    "name" CHAR(512),
    "type" CHAR(512),
    "nfp_id" CHAR(512),
    "nbu_id" CHAR(512),
    "iar_kod" CHAR(512),
    "key1" CHAR(512),
    "key2" CHAR(512),
    "key3" CHAR(512)
);
success!
timestamp: 2020-08-13T11:28:17.638461
CREATE TABLE "type"(
    "id" INTEGER PRIMARY KEY AUTOINCREMENT,
    "ekp" CHAR(512),
    "h011" INTEGER REFERENCES "vid_strah" ("id") ON DELETE CASCADE  ,
    "h015" CHAR(512),
    "k030" CHAR(512),
    "z220" CHAR(512),
    "t100" DOUBLE,
    "quarter" INTEGER,
    "year" INTEGER,
    "company_id" INTEGER REFERENCES "company" ("id") ON DELETE CASCADE  
);
success!
timestamp: 2020-08-13T11:28:17.765399
CREATE TABLE "payout"(
    "id" INTEGER PRIMARY KEY AUTOINCREMENT,
    "insurance_type" INTEGER REFERENCES "vid_strah" ("id") ON DELETE CASCADE  ,
    "contract_num" CHAR(512),
    "case_num" CHAR(512),
    "insurance_case_date" TIMESTAMP,
    "statement_date" TIMESTAMP,
    "requirement_date" TIMESTAMP,
    "insurance_act_date" TIMESTAMP,
    "insurance_payment_date" TIMESTAMP,
    "insurance_payment_size" CHAR(512),
    "settlement_costs" CHAR(512),
    "company_id" INTEGER REFERENCES "company" ("id") ON DELETE CASCADE  
);
success!
timestamp: 2020-08-13T11:28:17.904511
CREATE TABLE "rezerv"(
    "id" INTEGER PRIMARY KEY AUTOINCREMENT,
    "insurance_type" INTEGER REFERENCES "vid_strah" ("id") ON DELETE CASCADE  ,
    "contract_num" CHAR(512),
    "case_num" CHAR(512),
    "insurance_case_date" TIMESTAMP,
    "statement_date" TIMESTAMP,
    "requirement_date" TIMESTAMP,
    "insurance_act_date" TIMESTAMP,
    "insurance_payment_date" TIMESTAMP,
    "insurance_payment_size" CHAR(512),
    "reserve_size" CHAR(512),
    "insert_date" TIMESTAMP,
    "company_id" INTEGER REFERENCES "company" ("id") ON DELETE CASCADE  
);
success!
timestamp: 2020-08-13T11:32:10.880590
ALTER TABLE "vid_strah" ADD "nkey1" CHAR(512);
timestamp: 2020-08-13T11:32:10.986619
ALTER TABLE "vid_strah" ADD "nkey2" CHAR(512);
timestamp: 2020-08-13T11:32:11.074142
ALTER TABLE "vid_strah" ADD "nkey3" CHAR(512);
timestamp: 2020-08-13T11:32:11.151266
ALTER TABLE "vid_strah" ADD "nkey4" CHAR(512);
timestamp: 2020-08-13T11:32:11.227674
ALTER TABLE "vid_strah" ADD "nkey5" CHAR(512);
success!
success!
timestamp: 2020-09-18T11:48:02.081515
CREATE TABLE "errors"(
    "id" INTEGER PRIMARY KEY AUTOINCREMENT,
    "kod" INTEGER,
    "ua" CHAR(512),
    "en" CHAR(512),
    "ru" CHAR(512)
);
success!
timestamp: 2020-09-18T11:48:02.212675
CREATE TABLE "type_orig"(
    "id" INTEGER PRIMARY KEY AUTOINCREMENT,
    "ekp" CHAR(512),
    "h011" INTEGER REFERENCES "vid_strah" ("id") ON DELETE CASCADE  ,
    "h015" CHAR(512),
    "k030" CHAR(512),
    "z220" CHAR(512),
    "t100" DOUBLE,
    "quarter" INTEGER,
    "year" INTEGER,
    "company_id" INTEGER REFERENCES "company" ("id") ON DELETE CASCADE  
);
success!
success!
success!
success!
success!
success!
success!
success!
success!
success!
success!
success!
success!
success!
success!
success!
success!
success!
success!
success!
success!
success!
success!
success!
success!
success!
success!
success!
success!
success!
success!
success!
success!
success!
success!
success!
success!
success!
success!
success!
success!
success!
success!
success!
success!
success!
success!
success!
success!
success!
success!
success!
success!
success!
success!
success!
success!
success!
success!
success!
success!
success!
success!
success!
success!
success!
success!
success!
success!
success!
success!
success!
success!
success!
success!
success!
success!
success!
success!
success!
success!
success!
success!
success!
success!
success!
success!
success!
success!
success!
success!
success!
success!
success!
success!
success!
success!
success!
success!
success!
success!
success!
success!
success!
success!
success!
success!
success!
success!
success!
success!
success!
success!
success!
success!
success!
success!
success!
success!
success!
success!
success!
success!
success!
success!
success!
success!
success!
success!
success!
success!
success!
success!
success!
success!
success!
success!
success!
success!
success!
success!
success!
success!
success!
success!
success!
success!
success!
success!
success!
success!
success!
success!
success!
success!
success!
success!
success!
success!
success!
success!
success!
success!
success!
success!
success!
success!
success!
success!
success!
success!
success!
success!
success!
success!
success!
success!
success!
success!
success!
success!
success!
success!
success!
success!
success!
success!
success!
success!
success!
success!
success!
success!
success!
success!
success!
success!
success!
success!
success!
success!
success!
success!
success!
success!
success!
success!
success!
success!
success!
success!
success!
success!
success!
success!
success!
success!
success!
success!
success!
success!
success!
success!
success!
success!
success!
success!
success!
success!
success!
success!
success!
success!
success!
success!
success!
success!
